Setting stack size to unlimited...
core file size          (blocks, -c) 0
data seg size           (kbytes, -d) unlimited
scheduling priority             (-e) 0
file size               (blocks, -f) unlimited
pending signals                 (-i) 1029926
max locked memory       (kbytes, -l) unlimited
max memory size         (kbytes, -m) 253952000
open files                      (-n) 1024
pipe size            (512 bytes, -p) 8
POSIX message queues     (bytes, -q) 819200
real-time priority              (-r) 0
stack size              (kbytes, -s) unlimited
cpu time               (seconds, -t) unlimited
max user processes              (-u) 4096
virtual memory          (kbytes, -v) unlimited
file locks                      (-x) unlimited

OMP: Info #212: KMP_AFFINITY: decoding x2APIC ids.
OMP: Info #210: KMP_AFFINITY: Affinity capable, using global cpuid leaf 11 info
OMP: Info #154: KMP_AFFINITY: Initial OS proc set respected: 0-8,10,12,14,16,18,20,22
OMP: Info #156: KMP_AFFINITY: 16 available OS procs
OMP: Info #158: KMP_AFFINITY: Nonuniform topology
OMP: Info #179: KMP_AFFINITY: 2 packages x 12 cores/pkg x 1 threads/core (16 total cores)
OMP: Info #214: KMP_AFFINITY: OS proc to physical thread map:
OMP: Info #171: KMP_AFFINITY: OS proc 0 maps to package 0 core 0 
OMP: Info #171: KMP_AFFINITY: OS proc 2 maps to package 0 core 1 
OMP: Info #171: KMP_AFFINITY: OS proc 4 maps to package 0 core 2 
OMP: Info #171: KMP_AFFINITY: OS proc 6 maps to package 0 core 3 
OMP: Info #171: KMP_AFFINITY: OS proc 8 maps to package 0 core 4 
OMP: Info #171: KMP_AFFINITY: OS proc 10 maps to package 0 core 5 
OMP: Info #171: KMP_AFFINITY: OS proc 12 maps to package 0 core 8 
OMP: Info #171: KMP_AFFINITY: OS proc 14 maps to package 0 core 9 
OMP: Info #171: KMP_AFFINITY: OS proc 16 maps to package 0 core 10 
OMP: Info #171: KMP_AFFINITY: OS proc 18 maps to package 0 core 11 
OMP: Info #171: KMP_AFFINITY: OS proc 20 maps to package 0 core 12 
OMP: Info #171: KMP_AFFINITY: OS proc 22 maps to package 0 core 13 
OMP: Info #171: KMP_AFFINITY: OS proc 1 maps to package 1 core 0 
OMP: Info #171: KMP_AFFINITY: OS proc 3 maps to package 1 core 1 
OMP: Info #171: KMP_AFFINITY: OS proc 5 maps to package 1 core 2 
OMP: Info #171: KMP_AFFINITY: OS proc 7 maps to package 1 core 3 
OMP: Info #250: KMP_AFFINITY: pid 48349 tid 48349 thread 0 bound to OS proc set 0
OMP: Info #212: KMP_AFFINITY: decoding x2APIC ids.
OMP: Info #210: KMP_AFFINITY: Affinity capable, using global cpuid leaf 11 info
OMP: Info #154: KMP_AFFINITY: Initial OS proc set respected: 0-8,10,12,14,16,18,20,22
OMP: Info #156: KMP_AFFINITY: 16 available OS procs
OMP: Info #158: KMP_AFFINITY: Nonuniform topology
OMP: Info #179: KMP_AFFINITY: 2 packages x 12 cores/pkg x 1 threads/core (16 total cores)
OMP: Info #214: KMP_AFFINITY: OS proc to physical thread map:
OMP: Info #171: KMP_AFFINITY: OS proc 0 maps to package 0 core 0 
OMP: Info #171: KMP_AFFINITY: OS proc 2 maps to package 0 core 1 
OMP: Info #171: KMP_AFFINITY: OS proc 4 maps to package 0 core 2 
OMP: Info #171: KMP_AFFINITY: OS proc 6 maps to package 0 core 3 
OMP: Info #171: KMP_AFFINITY: OS proc 8 maps to package 0 core 4 
OMP: Info #171: KMP_AFFINITY: OS proc 10 maps to package 0 core 5 
OMP: Info #171: KMP_AFFINITY: OS proc 12 maps to package 0 core 8 
OMP: Info #171: KMP_AFFINITY: OS proc 14 maps to package 0 core 9 
OMP: Info #171: KMP_AFFINITY: OS proc 16 maps to package 0 core 10 
OMP: Info #171: KMP_AFFINITY: OS proc 18 maps to package 0 core 11 
OMP: Info #171: KMP_AFFINITY: OS proc 20 maps to package 0 core 12 
OMP: Info #171: KMP_AFFINITY: OS proc 22 maps to package 0 core 13 
OMP: Info #171: KMP_AFFINITY: OS proc 1 maps to package 1 core 0 
OMP: Info #171: KMP_AFFINITY: OS proc 3 maps to package 1 core 1 
OMP: Info #171: KMP_AFFINITY: OS proc 5 maps to package 1 core 2 
OMP: Info #171: KMP_AFFINITY: OS proc 7 maps to package 1 core 3 
OMP: Info #250: KMP_AFFINITY: pid 48357 tid 48357 thread 0 bound to OS proc set 0
OMP: Info #250: KMP_AFFINITY: pid 48357 tid 48358 thread 1 bound to OS proc set 2
OMP: Info #212: KMP_AFFINITY: decoding x2APIC ids.
OMP: Info #210: KMP_AFFINITY: Affinity capable, using global cpuid leaf 11 info
OMP: Info #154: KMP_AFFINITY: Initial OS proc set respected: 0-8,10,12,14,16,18,20,22
OMP: Info #156: KMP_AFFINITY: 16 available OS procs
OMP: Info #158: KMP_AFFINITY: Nonuniform topology
OMP: Info #179: KMP_AFFINITY: 2 packages x 12 cores/pkg x 1 threads/core (16 total cores)
OMP: Info #214: KMP_AFFINITY: OS proc to physical thread map:
OMP: Info #171: KMP_AFFINITY: OS proc 0 maps to package 0 core 0 
OMP: Info #171: KMP_AFFINITY: OS proc 2 maps to package 0 core 1 
OMP: Info #171: KMP_AFFINITY: OS proc 4 maps to package 0 core 2 
OMP: Info #171: KMP_AFFINITY: OS proc 6 maps to package 0 core 3 
OMP: Info #171: KMP_AFFINITY: OS proc 8 maps to package 0 core 4 
OMP: Info #171: KMP_AFFINITY: OS proc 10 maps to package 0 core 5 
OMP: Info #171: KMP_AFFINITY: OS proc 12 maps to package 0 core 8 
OMP: Info #171: KMP_AFFINITY: OS proc 14 maps to package 0 core 9 
OMP: Info #171: KMP_AFFINITY: OS proc 16 maps to package 0 core 10 
OMP: Info #171: KMP_AFFINITY: OS proc 18 maps to package 0 core 11 
OMP: Info #171: KMP_AFFINITY: OS proc 20 maps to package 0 core 12 
OMP: Info #171: KMP_AFFINITY: OS proc 22 maps to package 0 core 13 
OMP: Info #171: KMP_AFFINITY: OS proc 1 maps to package 1 core 0 
OMP: Info #171: KMP_AFFINITY: OS proc 3 maps to package 1 core 1 
OMP: Info #171: KMP_AFFINITY: OS proc 5 maps to package 1 core 2 
OMP: Info #171: KMP_AFFINITY: OS proc 7 maps to package 1 core 3 
OMP: Info #250: KMP_AFFINITY: pid 48360 tid 48360 thread 0 bound to OS proc set 0
OMP: Info #250: KMP_AFFINITY: pid 48360 tid 48362 thread 2 bound to OS proc set 4
OMP: Info #250: KMP_AFFINITY: pid 48360 tid 48361 thread 1 bound to OS proc set 2
OMP: Info #250: KMP_AFFINITY: pid 48360 tid 48363 thread 3 bound to OS proc set 6
OMP: Info #212: KMP_AFFINITY: decoding x2APIC ids.
OMP: Info #210: KMP_AFFINITY: Affinity capable, using global cpuid leaf 11 info
OMP: Info #154: KMP_AFFINITY: Initial OS proc set respected: 0-8,10,12,14,16,18,20,22
OMP: Info #156: KMP_AFFINITY: 16 available OS procs
OMP: Info #158: KMP_AFFINITY: Nonuniform topology
OMP: Info #179: KMP_AFFINITY: 2 packages x 12 cores/pkg x 1 threads/core (16 total cores)
OMP: Info #214: KMP_AFFINITY: OS proc to physical thread map:
OMP: Info #171: KMP_AFFINITY: OS proc 0 maps to package 0 core 0 
OMP: Info #171: KMP_AFFINITY: OS proc 2 maps to package 0 core 1 
OMP: Info #171: KMP_AFFINITY: OS proc 4 maps to package 0 core 2 
OMP: Info #171: KMP_AFFINITY: OS proc 6 maps to package 0 core 3 
OMP: Info #171: KMP_AFFINITY: OS proc 8 maps to package 0 core 4 
OMP: Info #171: KMP_AFFINITY: OS proc 10 maps to package 0 core 5 
OMP: Info #171: KMP_AFFINITY: OS proc 12 maps to package 0 core 8 
OMP: Info #171: KMP_AFFINITY: OS proc 14 maps to package 0 core 9 
OMP: Info #171: KMP_AFFINITY: OS proc 16 maps to package 0 core 10 
OMP: Info #171: KMP_AFFINITY: OS proc 18 maps to package 0 core 11 
OMP: Info #171: KMP_AFFINITY: OS proc 20 maps to package 0 core 12 
OMP: Info #171: KMP_AFFINITY: OS proc 22 maps to package 0 core 13 
OMP: Info #171: KMP_AFFINITY: OS proc 1 maps to package 1 core 0 
OMP: Info #171: KMP_AFFINITY: OS proc 3 maps to package 1 core 1 
OMP: Info #171: KMP_AFFINITY: OS proc 5 maps to package 1 core 2 
OMP: Info #171: KMP_AFFINITY: OS proc 7 maps to package 1 core 3 
OMP: Info #250: KMP_AFFINITY: pid 48364 tid 48364 thread 0 bound to OS proc set 0
OMP: Info #250: KMP_AFFINITY: pid 48364 tid 48366 thread 2 bound to OS proc set 4
OMP: Info #250: KMP_AFFINITY: pid 48364 tid 48368 thread 4 bound to OS proc set 8
OMP: Info #250: KMP_AFFINITY: pid 48364 tid 48365 thread 1 bound to OS proc set 2
OMP: Info #250: KMP_AFFINITY: pid 48364 tid 48367 thread 3 bound to OS proc set 6
OMP: Info #250: KMP_AFFINITY: pid 48364 tid 48369 thread 5 bound to OS proc set 10
OMP: Info #250: KMP_AFFINITY: pid 48364 tid 48371 thread 7 bound to OS proc set 14
OMP: Info #250: KMP_AFFINITY: pid 48364 tid 48370 thread 6 bound to OS proc set 12
OMP: Info #212: KMP_AFFINITY: decoding x2APIC ids.
OMP: Info #210: KMP_AFFINITY: Affinity capable, using global cpuid leaf 11 info
OMP: Info #154: KMP_AFFINITY: Initial OS proc set respected: 0-8,10,12,14,16,18,20,22
OMP: Info #156: KMP_AFFINITY: 16 available OS procs
OMP: Info #158: KMP_AFFINITY: Nonuniform topology
OMP: Info #179: KMP_AFFINITY: 2 packages x 12 cores/pkg x 1 threads/core (16 total cores)
OMP: Info #214: KMP_AFFINITY: OS proc to physical thread map:
OMP: Info #171: KMP_AFFINITY: OS proc 0 maps to package 0 core 0 
OMP: Info #171: KMP_AFFINITY: OS proc 2 maps to package 0 core 1 
OMP: Info #171: KMP_AFFINITY: OS proc 4 maps to package 0 core 2 
OMP: Info #171: KMP_AFFINITY: OS proc 6 maps to package 0 core 3 
OMP: Info #171: KMP_AFFINITY: OS proc 8 maps to package 0 core 4 
OMP: Info #171: KMP_AFFINITY: OS proc 10 maps to package 0 core 5 
OMP: Info #171: KMP_AFFINITY: OS proc 12 maps to package 0 core 8 
OMP: Info #171: KMP_AFFINITY: OS proc 14 maps to package 0 core 9 
OMP: Info #171: KMP_AFFINITY: OS proc 16 maps to package 0 core 10 
OMP: Info #171: KMP_AFFINITY: OS proc 18 maps to package 0 core 11 
OMP: Info #171: KMP_AFFINITY: OS proc 20 maps to package 0 core 12 
OMP: Info #171: KMP_AFFINITY: OS proc 22 maps to package 0 core 13 
OMP: Info #171: KMP_AFFINITY: OS proc 1 maps to package 1 core 0 
OMP: Info #171: KMP_AFFINITY: OS proc 3 maps to package 1 core 1 
OMP: Info #171: KMP_AFFINITY: OS proc 5 maps to package 1 core 2 
OMP: Info #171: KMP_AFFINITY: OS proc 7 maps to package 1 core 3 
OMP: Info #250: KMP_AFFINITY: pid 48372 tid 48372 thread 0 bound to OS proc set 0
OMP: Info #250: KMP_AFFINITY: pid 48372 tid 48374 thread 2 bound to OS proc set 4
OMP: Info #250: KMP_AFFINITY: pid 48372 tid 48376 thread 4 bound to OS proc set 8
OMP: Info #250: KMP_AFFINITY: pid 48372 tid 48375 thread 3 bound to OS proc set 6
OMP: Info #250: KMP_AFFINITY: pid 48372 tid 48378 thread 6 bound to OS proc set 12
OMP: Info #250: KMP_AFFINITY: pid 48372 tid 48373 thread 1 bound to OS proc set 2
OMP: Info #250: KMP_AFFINITY: pid 48372 tid 48377 thread 5 bound to OS proc set 10
OMP: Info #250: KMP_AFFINITY: pid 48372 tid 48379 thread 7 bound to OS proc set 14
OMP: Info #250: KMP_AFFINITY: pid 48372 tid 48381 thread 9 bound to OS proc set 18
OMP: Info #250: KMP_AFFINITY: pid 48372 tid 48380 thread 8 bound to OS proc set 16
OMP: Info #250: KMP_AFFINITY: pid 48372 tid 48383 thread 11 bound to OS proc set 22
OMP: Info #250: KMP_AFFINITY: pid 48372 tid 48384 thread 12 bound to OS proc set 1
OMP: Info #250: KMP_AFFINITY: pid 48372 tid 48382 thread 10 bound to OS proc set 20
OMP: Info #250: KMP_AFFINITY: pid 48372 tid 48386 thread 14 bound to OS proc set 5
OMP: Info #250: KMP_AFFINITY: pid 48372 tid 48387 thread 15 bound to OS proc set 7
OMP: Info #250: KMP_AFFINITY: pid 48372 tid 48385 thread 13 bound to OS proc set 3
OMP: Info #212: KMP_AFFINITY: decoding x2APIC ids.
OMP: Info #210: KMP_AFFINITY: Affinity capable, using global cpuid leaf 11 info
OMP: Info #154: KMP_AFFINITY: Initial OS proc set respected: 0-8,10,12,14,16,18,20,22
OMP: Info #156: KMP_AFFINITY: 16 available OS procs
OMP: Info #158: KMP_AFFINITY: Nonuniform topology
OMP: Info #179: KMP_AFFINITY: 2 packages x 12 cores/pkg x 1 threads/core (16 total cores)
OMP: Info #214: KMP_AFFINITY: OS proc to physical thread map:
OMP: Info #171: KMP_AFFINITY: OS proc 0 maps to package 0 core 0 
OMP: Info #171: KMP_AFFINITY: OS proc 2 maps to package 0 core 1 
OMP: Info #171: KMP_AFFINITY: OS proc 4 maps to package 0 core 2 
OMP: Info #171: KMP_AFFINITY: OS proc 6 maps to package 0 core 3 
OMP: Info #171: KMP_AFFINITY: OS proc 8 maps to package 0 core 4 
OMP: Info #171: KMP_AFFINITY: OS proc 10 maps to package 0 core 5 
OMP: Info #171: KMP_AFFINITY: OS proc 12 maps to package 0 core 8 
OMP: Info #171: KMP_AFFINITY: OS proc 14 maps to package 0 core 9 
OMP: Info #171: KMP_AFFINITY: OS proc 16 maps to package 0 core 10 
OMP: Info #171: KMP_AFFINITY: OS proc 18 maps to package 0 core 11 
OMP: Info #171: KMP_AFFINITY: OS proc 20 maps to package 0 core 12 
OMP: Info #171: KMP_AFFINITY: OS proc 22 maps to package 0 core 13 
OMP: Info #171: KMP_AFFINITY: OS proc 1 maps to package 1 core 0 
OMP: Info #171: KMP_AFFINITY: OS proc 3 maps to package 1 core 1 
OMP: Info #171: KMP_AFFINITY: OS proc 5 maps to package 1 core 2 
OMP: Info #171: KMP_AFFINITY: OS proc 7 maps to package 1 core 3 
OMP: Info #250: KMP_AFFINITY: pid 48389 tid 48389 thread 0 bound to OS proc set 0
OMP: Info #212: KMP_AFFINITY: decoding x2APIC ids.
OMP: Info #210: KMP_AFFINITY: Affinity capable, using global cpuid leaf 11 info
OMP: Info #154: KMP_AFFINITY: Initial OS proc set respected: 0-8,10,12,14,16,18,20,22
OMP: Info #156: KMP_AFFINITY: 16 available OS procs
OMP: Info #158: KMP_AFFINITY: Nonuniform topology
OMP: Info #179: KMP_AFFINITY: 2 packages x 12 cores/pkg x 1 threads/core (16 total cores)
OMP: Info #214: KMP_AFFINITY: OS proc to physical thread map:
OMP: Info #171: KMP_AFFINITY: OS proc 0 maps to package 0 core 0 
OMP: Info #171: KMP_AFFINITY: OS proc 2 maps to package 0 core 1 
OMP: Info #171: KMP_AFFINITY: OS proc 4 maps to package 0 core 2 
OMP: Info #171: KMP_AFFINITY: OS proc 6 maps to package 0 core 3 
OMP: Info #171: KMP_AFFINITY: OS proc 8 maps to package 0 core 4 
OMP: Info #171: KMP_AFFINITY: OS proc 10 maps to package 0 core 5 
OMP: Info #171: KMP_AFFINITY: OS proc 12 maps to package 0 core 8 
OMP: Info #171: KMP_AFFINITY: OS proc 14 maps to package 0 core 9 
OMP: Info #171: KMP_AFFINITY: OS proc 16 maps to package 0 core 10 
OMP: Info #171: KMP_AFFINITY: OS proc 18 maps to package 0 core 11 
OMP: Info #171: KMP_AFFINITY: OS proc 20 maps to package 0 core 12 
OMP: Info #171: KMP_AFFINITY: OS proc 22 maps to package 0 core 13 
OMP: Info #171: KMP_AFFINITY: OS proc 1 maps to package 1 core 0 
OMP: Info #171: KMP_AFFINITY: OS proc 3 maps to package 1 core 1 
OMP: Info #171: KMP_AFFINITY: OS proc 5 maps to package 1 core 2 
OMP: Info #171: KMP_AFFINITY: OS proc 7 maps to package 1 core 3 
OMP: Info #250: KMP_AFFINITY: pid 48391 tid 48391 thread 0 bound to OS proc set 0
OMP: Info #250: KMP_AFFINITY: pid 48391 tid 48392 thread 1 bound to OS proc set 2
OMP: Info #212: KMP_AFFINITY: decoding x2APIC ids.
OMP: Info #210: KMP_AFFINITY: Affinity capable, using global cpuid leaf 11 info
OMP: Info #154: KMP_AFFINITY: Initial OS proc set respected: 0-8,10,12,14,16,18,20,22
OMP: Info #156: KMP_AFFINITY: 16 available OS procs
OMP: Info #158: KMP_AFFINITY: Nonuniform topology
OMP: Info #179: KMP_AFFINITY: 2 packages x 12 cores/pkg x 1 threads/core (16 total cores)
OMP: Info #214: KMP_AFFINITY: OS proc to physical thread map:
OMP: Info #171: KMP_AFFINITY: OS proc 0 maps to package 0 core 0 
OMP: Info #171: KMP_AFFINITY: OS proc 2 maps to package 0 core 1 
OMP: Info #171: KMP_AFFINITY: OS proc 4 maps to package 0 core 2 
OMP: Info #171: KMP_AFFINITY: OS proc 6 maps to package 0 core 3 
OMP: Info #171: KMP_AFFINITY: OS proc 8 maps to package 0 core 4 
OMP: Info #171: KMP_AFFINITY: OS proc 10 maps to package 0 core 5 
OMP: Info #171: KMP_AFFINITY: OS proc 12 maps to package 0 core 8 
OMP: Info #171: KMP_AFFINITY: OS proc 14 maps to package 0 core 9 
OMP: Info #171: KMP_AFFINITY: OS proc 16 maps to package 0 core 10 
OMP: Info #171: KMP_AFFINITY: OS proc 18 maps to package 0 core 11 
OMP: Info #171: KMP_AFFINITY: OS proc 20 maps to package 0 core 12 
OMP: Info #171: KMP_AFFINITY: OS proc 22 maps to package 0 core 13 
OMP: Info #171: KMP_AFFINITY: OS proc 1 maps to package 1 core 0 
OMP: Info #171: KMP_AFFINITY: OS proc 3 maps to package 1 core 1 
OMP: Info #171: KMP_AFFINITY: OS proc 5 maps to package 1 core 2 
OMP: Info #171: KMP_AFFINITY: OS proc 7 maps to package 1 core 3 
OMP: Info #250: KMP_AFFINITY: pid 48393 tid 48393 thread 0 bound to OS proc set 0
OMP: Info #250: KMP_AFFINITY: pid 48393 tid 48395 thread 2 bound to OS proc set 4
OMP: Info #250: KMP_AFFINITY: pid 48393 tid 48394 thread 1 bound to OS proc set 2
OMP: Info #250: KMP_AFFINITY: pid 48393 tid 48396 thread 3 bound to OS proc set 6
OMP: Info #212: KMP_AFFINITY: decoding x2APIC ids.
OMP: Info #210: KMP_AFFINITY: Affinity capable, using global cpuid leaf 11 info
OMP: Info #154: KMP_AFFINITY: Initial OS proc set respected: 0-8,10,12,14,16,18,20,22
OMP: Info #156: KMP_AFFINITY: 16 available OS procs
OMP: Info #158: KMP_AFFINITY: Nonuniform topology
OMP: Info #179: KMP_AFFINITY: 2 packages x 12 cores/pkg x 1 threads/core (16 total cores)
OMP: Info #214: KMP_AFFINITY: OS proc to physical thread map:
OMP: Info #171: KMP_AFFINITY: OS proc 0 maps to package 0 core 0 
OMP: Info #171: KMP_AFFINITY: OS proc 2 maps to package 0 core 1 
OMP: Info #171: KMP_AFFINITY: OS proc 4 maps to package 0 core 2 
OMP: Info #171: KMP_AFFINITY: OS proc 6 maps to package 0 core 3 
OMP: Info #171: KMP_AFFINITY: OS proc 8 maps to package 0 core 4 
OMP: Info #171: KMP_AFFINITY: OS proc 10 maps to package 0 core 5 
OMP: Info #171: KMP_AFFINITY: OS proc 12 maps to package 0 core 8 
OMP: Info #171: KMP_AFFINITY: OS proc 14 maps to package 0 core 9 
OMP: Info #171: KMP_AFFINITY: OS proc 16 maps to package 0 core 10 
OMP: Info #171: KMP_AFFINITY: OS proc 18 maps to package 0 core 11 
OMP: Info #171: KMP_AFFINITY: OS proc 20 maps to package 0 core 12 
OMP: Info #171: KMP_AFFINITY: OS proc 22 maps to package 0 core 13 
OMP: Info #171: KMP_AFFINITY: OS proc 1 maps to package 1 core 0 
OMP: Info #171: KMP_AFFINITY: OS proc 3 maps to package 1 core 1 
OMP: Info #171: KMP_AFFINITY: OS proc 5 maps to package 1 core 2 
OMP: Info #171: KMP_AFFINITY: OS proc 7 maps to package 1 core 3 
OMP: Info #250: KMP_AFFINITY: pid 48397 tid 48397 thread 0 bound to OS proc set 0
OMP: Info #250: KMP_AFFINITY: pid 48397 tid 48399 thread 2 bound to OS proc set 4
OMP: Info #250: KMP_AFFINITY: pid 48397 tid 48398 thread 1 bound to OS proc set 2
OMP: Info #250: KMP_AFFINITY: pid 48397 tid 48402 thread 5 bound to OS proc set 10
OMP: Info #250: KMP_AFFINITY: pid 48397 tid 48404 thread 7 bound to OS proc set 14
OMP: Info #250: KMP_AFFINITY: pid 48397 tid 48401 thread 4 bound to OS proc set 8
OMP: Info #250: KMP_AFFINITY: pid 48397 tid 48400 thread 3 bound to OS proc set 6
OMP: Info #250: KMP_AFFINITY: pid 48397 tid 48403 thread 6 bound to OS proc set 12
OMP: Info #212: KMP_AFFINITY: decoding x2APIC ids.
OMP: Info #210: KMP_AFFINITY: Affinity capable, using global cpuid leaf 11 info
OMP: Info #154: KMP_AFFINITY: Initial OS proc set respected: 0-8,10,12,14,16,18,20,22
OMP: Info #156: KMP_AFFINITY: 16 available OS procs
OMP: Info #158: KMP_AFFINITY: Nonuniform topology
OMP: Info #179: KMP_AFFINITY: 2 packages x 12 cores/pkg x 1 threads/core (16 total cores)
OMP: Info #214: KMP_AFFINITY: OS proc to physical thread map:
OMP: Info #171: KMP_AFFINITY: OS proc 0 maps to package 0 core 0 
OMP: Info #171: KMP_AFFINITY: OS proc 2 maps to package 0 core 1 
OMP: Info #171: KMP_AFFINITY: OS proc 4 maps to package 0 core 2 
OMP: Info #171: KMP_AFFINITY: OS proc 6 maps to package 0 core 3 
OMP: Info #171: KMP_AFFINITY: OS proc 8 maps to package 0 core 4 
OMP: Info #171: KMP_AFFINITY: OS proc 10 maps to package 0 core 5 
OMP: Info #171: KMP_AFFINITY: OS proc 12 maps to package 0 core 8 
OMP: Info #171: KMP_AFFINITY: OS proc 14 maps to package 0 core 9 
OMP: Info #171: KMP_AFFINITY: OS proc 16 maps to package 0 core 10 
OMP: Info #171: KMP_AFFINITY: OS proc 18 maps to package 0 core 11 
OMP: Info #171: KMP_AFFINITY: OS proc 20 maps to package 0 core 12 
OMP: Info #171: KMP_AFFINITY: OS proc 22 maps to package 0 core 13 
OMP: Info #171: KMP_AFFINITY: OS proc 1 maps to package 1 core 0 
OMP: Info #171: KMP_AFFINITY: OS proc 3 maps to package 1 core 1 
OMP: Info #171: KMP_AFFINITY: OS proc 5 maps to package 1 core 2 
OMP: Info #171: KMP_AFFINITY: OS proc 7 maps to package 1 core 3 
OMP: Info #250: KMP_AFFINITY: pid 48406 tid 48406 thread 0 bound to OS proc set 0
OMP: Info #250: KMP_AFFINITY: pid 48406 tid 48408 thread 2 bound to OS proc set 4
OMP: Info #250: KMP_AFFINITY: pid 48406 tid 48407 thread 1 bound to OS proc set 2
OMP: Info #250: KMP_AFFINITY: pid 48406 tid 48411 thread 5 bound to OS proc set 10
OMP: Info #250: KMP_AFFINITY: pid 48406 tid 48409 thread 3 bound to OS proc set 6
OMP: Info #250: KMP_AFFINITY: pid 48406 tid 48412 thread 6 bound to OS proc set 12
OMP: Info #250: KMP_AFFINITY: pid 48406 tid 48410 thread 4 bound to OS proc set 8
OMP: Info #250: KMP_AFFINITY: pid 48406 tid 48413 thread 7 bound to OS proc set 14
OMP: Info #250: KMP_AFFINITY: pid 48406 tid 48414 thread 8 bound to OS proc set 16
OMP: Info #250: KMP_AFFINITY: pid 48406 tid 48416 thread 10 bound to OS proc set 20
OMP: Info #250: KMP_AFFINITY: pid 48406 tid 48415 thread 9 bound to OS proc set 18
OMP: Info #250: KMP_AFFINITY: pid 48406 tid 48417 thread 11 bound to OS proc set 22
OMP: Info #250: KMP_AFFINITY: pid 48406 tid 48418 thread 12 bound to OS proc set 1
OMP: Info #250: KMP_AFFINITY: pid 48406 tid 48421 thread 15 bound to OS proc set 7
OMP: Info #250: KMP_AFFINITY: pid 48406 tid 48419 thread 13 bound to OS proc set 3
OMP: Info #250: KMP_AFFINITY: pid 48406 tid 48420 thread 14 bound to OS proc set 5
OMP: Info #212: KMP_AFFINITY: decoding x2APIC ids.
OMP: Info #210: KMP_AFFINITY: Affinity capable, using global cpuid leaf 11 info
OMP: Info #154: KMP_AFFINITY: Initial OS proc set respected: 0-8,10,12,14,16,18,20,22
OMP: Info #156: KMP_AFFINITY: 16 available OS procs
OMP: Info #158: KMP_AFFINITY: Nonuniform topology
OMP: Info #179: KMP_AFFINITY: 2 packages x 12 cores/pkg x 1 threads/core (16 total cores)
OMP: Info #214: KMP_AFFINITY: OS proc to physical thread map:
OMP: Info #171: KMP_AFFINITY: OS proc 0 maps to package 0 core 0 
OMP: Info #171: KMP_AFFINITY: OS proc 2 maps to package 0 core 1 
OMP: Info #171: KMP_AFFINITY: OS proc 4 maps to package 0 core 2 
OMP: Info #171: KMP_AFFINITY: OS proc 6 maps to package 0 core 3 
OMP: Info #171: KMP_AFFINITY: OS proc 8 maps to package 0 core 4 
OMP: Info #171: KMP_AFFINITY: OS proc 10 maps to package 0 core 5 
OMP: Info #171: KMP_AFFINITY: OS proc 12 maps to package 0 core 8 
OMP: Info #171: KMP_AFFINITY: OS proc 14 maps to package 0 core 9 
OMP: Info #171: KMP_AFFINITY: OS proc 16 maps to package 0 core 10 
OMP: Info #171: KMP_AFFINITY: OS proc 18 maps to package 0 core 11 
OMP: Info #171: KMP_AFFINITY: OS proc 20 maps to package 0 core 12 
OMP: Info #171: KMP_AFFINITY: OS proc 22 maps to package 0 core 13 
OMP: Info #171: KMP_AFFINITY: OS proc 1 maps to package 1 core 0 
OMP: Info #171: KMP_AFFINITY: OS proc 3 maps to package 1 core 1 
OMP: Info #171: KMP_AFFINITY: OS proc 5 maps to package 1 core 2 
OMP: Info #171: KMP_AFFINITY: OS proc 7 maps to package 1 core 3 
OMP: Info #250: KMP_AFFINITY: pid 48424 tid 48424 thread 0 bound to OS proc set 0
OMP: Info #250: KMP_AFFINITY: pid 48424 tid 48426 thread 2 bound to OS proc set 4
OMP: Info #250: KMP_AFFINITY: pid 48424 tid 48428 thread 4 bound to OS proc set 8
OMP: Info #250: KMP_AFFINITY: pid 48424 tid 48429 thread 5 bound to OS proc set 10
OMP: Info #250: KMP_AFFINITY: pid 48424 tid 48427 thread 3 bound to OS proc set 6
OMP: Info #250: KMP_AFFINITY: pid 48424 tid 48425 thread 1 bound to OS proc set 2
OMP: Info #250: KMP_AFFINITY: pid 48424 tid 48431 thread 7 bound to OS proc set 14
OMP: Info #250: KMP_AFFINITY: pid 48424 tid 48430 thread 6 bound to OS proc set 12
OMP: Info #250: KMP_AFFINITY: pid 48424 tid 48433 thread 9 bound to OS proc set 18
OMP: Info #250: KMP_AFFINITY: pid 48424 tid 48432 thread 8 bound to OS proc set 16
OMP: Info #250: KMP_AFFINITY: pid 48424 tid 48435 thread 11 bound to OS proc set 22
OMP: Info #250: KMP_AFFINITY: pid 48424 tid 48434 thread 10 bound to OS proc set 20
OMP: Info #250: KMP_AFFINITY: pid 48424 tid 48439 thread 15 bound to OS proc set 7
OMP: Info #250: KMP_AFFINITY: pid 48424 tid 48437 thread 13 bound to OS proc set 3
OMP: Info #250: KMP_AFFINITY: pid 48424 tid 48438 thread 14 bound to OS proc set 5
OMP: Info #250: KMP_AFFINITY: pid 48424 tid 48436 thread 12 bound to OS proc set 1
OMP: Info #212: KMP_AFFINITY: decoding x2APIC ids.
OMP: Info #210: KMP_AFFINITY: Affinity capable, using global cpuid leaf 11 info
OMP: Info #154: KMP_AFFINITY: Initial OS proc set respected: 0-8,10,12,14,16,18,20,22
OMP: Info #156: KMP_AFFINITY: 16 available OS procs
OMP: Info #158: KMP_AFFINITY: Nonuniform topology
OMP: Info #179: KMP_AFFINITY: 2 packages x 12 cores/pkg x 1 threads/core (16 total cores)
OMP: Info #214: KMP_AFFINITY: OS proc to physical thread map:
OMP: Info #171: KMP_AFFINITY: OS proc 0 maps to package 0 core 0 
OMP: Info #171: KMP_AFFINITY: OS proc 2 maps to package 0 core 1 
OMP: Info #171: KMP_AFFINITY: OS proc 4 maps to package 0 core 2 
OMP: Info #171: KMP_AFFINITY: OS proc 6 maps to package 0 core 3 
OMP: Info #171: KMP_AFFINITY: OS proc 8 maps to package 0 core 4 
OMP: Info #171: KMP_AFFINITY: OS proc 10 maps to package 0 core 5 
OMP: Info #171: KMP_AFFINITY: OS proc 12 maps to package 0 core 8 
OMP: Info #171: KMP_AFFINITY: OS proc 14 maps to package 0 core 9 
OMP: Info #171: KMP_AFFINITY: OS proc 16 maps to package 0 core 10 
OMP: Info #171: KMP_AFFINITY: OS proc 18 maps to package 0 core 11 
OMP: Info #171: KMP_AFFINITY: OS proc 20 maps to package 0 core 12 
OMP: Info #171: KMP_AFFINITY: OS proc 22 maps to package 0 core 13 
OMP: Info #171: KMP_AFFINITY: OS proc 1 maps to package 1 core 0 
OMP: Info #171: KMP_AFFINITY: OS proc 3 maps to package 1 core 1 
OMP: Info #171: KMP_AFFINITY: OS proc 5 maps to package 1 core 2 
OMP: Info #171: KMP_AFFINITY: OS proc 7 maps to package 1 core 3 
OMP: Info #250: KMP_AFFINITY: pid 48440 tid 48440 thread 0 bound to OS proc set 0
OMP: Info #250: KMP_AFFINITY: pid 48440 tid 48442 thread 2 bound to OS proc set 2
OMP: Info #250: KMP_AFFINITY: pid 48440 tid 48441 thread 1 bound to OS proc set 1
OMP: Info #250: KMP_AFFINITY: pid 48440 tid 48444 thread 4 bound to OS proc set 4
OMP: Info #250: KMP_AFFINITY: pid 48440 tid 48445 thread 5 bound to OS proc set 5
OMP: Info #250: KMP_AFFINITY: pid 48440 tid 48443 thread 3 bound to OS proc set 3
OMP: Info #250: KMP_AFFINITY: pid 48440 tid 48447 thread 7 bound to OS proc set 7
OMP: Info #250: KMP_AFFINITY: pid 48440 tid 48446 thread 6 bound to OS proc set 6
OMP: Info #250: KMP_AFFINITY: pid 48440 tid 48449 thread 9 bound to OS proc set 10
OMP: Info #250: KMP_AFFINITY: pid 48440 tid 48452 thread 12 bound to OS proc set 16
OMP: Info #250: KMP_AFFINITY: pid 48440 tid 48451 thread 11 bound to OS proc set 14
OMP: Info #250: KMP_AFFINITY: pid 48440 tid 48450 thread 10 bound to OS proc set 12
OMP: Info #250: KMP_AFFINITY: pid 48440 tid 48453 thread 13 bound to OS proc set 18
OMP: Info #250: KMP_AFFINITY: pid 48440 tid 48455 thread 15 bound to OS proc set 22
OMP: Info #250: KMP_AFFINITY: pid 48440 tid 48448 thread 8 bound to OS proc set 8
OMP: Info #250: KMP_AFFINITY: pid 48440 tid 48454 thread 14 bound to OS proc set 20
OMP: Info #212: KMP_AFFINITY: decoding x2APIC ids.
OMP: Info #210: KMP_AFFINITY: Affinity capable, using global cpuid leaf 11 info
OMP: Info #154: KMP_AFFINITY: Initial OS proc set respected: 0-8,10,12,14,16,18,20,22
OMP: Info #156: KMP_AFFINITY: 16 available OS procs
OMP: Info #158: KMP_AFFINITY: Nonuniform topology
OMP: Info #179: KMP_AFFINITY: 2 packages x 12 cores/pkg x 1 threads/core (16 total cores)
OMP: Info #214: KMP_AFFINITY: OS proc to physical thread map:
OMP: Info #171: KMP_AFFINITY: OS proc 0 maps to package 0 core 0 
OMP: Info #171: KMP_AFFINITY: OS proc 2 maps to package 0 core 1 
OMP: Info #171: KMP_AFFINITY: OS proc 4 maps to package 0 core 2 
OMP: Info #171: KMP_AFFINITY: OS proc 6 maps to package 0 core 3 
OMP: Info #171: KMP_AFFINITY: OS proc 8 maps to package 0 core 4 
OMP: Info #171: KMP_AFFINITY: OS proc 10 maps to package 0 core 5 
OMP: Info #171: KMP_AFFINITY: OS proc 12 maps to package 0 core 8 
OMP: Info #171: KMP_AFFINITY: OS proc 14 maps to package 0 core 9 
OMP: Info #171: KMP_AFFINITY: OS proc 16 maps to package 0 core 10 
OMP: Info #171: KMP_AFFINITY: OS proc 18 maps to package 0 core 11 
OMP: Info #171: KMP_AFFINITY: OS proc 20 maps to package 0 core 12 
OMP: Info #171: KMP_AFFINITY: OS proc 22 maps to package 0 core 13 
OMP: Info #171: KMP_AFFINITY: OS proc 1 maps to package 1 core 0 
OMP: Info #171: KMP_AFFINITY: OS proc 3 maps to package 1 core 1 
OMP: Info #171: KMP_AFFINITY: OS proc 5 maps to package 1 core 2 
OMP: Info #171: KMP_AFFINITY: OS proc 7 maps to package 1 core 3 
OMP: Info #250: KMP_AFFINITY: pid 48456 tid 48456 thread 0 bound to OS proc set 0
OMP: Info #250: KMP_AFFINITY: pid 48456 tid 48458 thread 2 bound to OS proc set 4
OMP: Info #250: KMP_AFFINITY: pid 48456 tid 48457 thread 1 bound to OS proc set 2
OMP: Info #250: KMP_AFFINITY: pid 48456 tid 48461 thread 5 bound to OS proc set 10
OMP: Info #250: KMP_AFFINITY: pid 48456 tid 48459 thread 3 bound to OS proc set 6
OMP: Info #250: KMP_AFFINITY: pid 48456 tid 48462 thread 6 bound to OS proc set 12
OMP: Info #250: KMP_AFFINITY: pid 48456 tid 48460 thread 4 bound to OS proc set 8
OMP: Info #250: KMP_AFFINITY: pid 48456 tid 48463 thread 7 bound to OS proc set 14
OMP: Info #250: KMP_AFFINITY: pid 48456 tid 48465 thread 9 bound to OS proc set 18
OMP: Info #250: KMP_AFFINITY: pid 48456 tid 48468 thread 12 bound to OS proc set 1
OMP: Info #250: KMP_AFFINITY: pid 48456 tid 48464 thread 8 bound to OS proc set 16
OMP: Info #250: KMP_AFFINITY: pid 48456 tid 48469 thread 13 bound to OS proc set 3
OMP: Info #250: KMP_AFFINITY: pid 48456 tid 48467 thread 11 bound to OS proc set 22
OMP: Info #250: KMP_AFFINITY: pid 48456 tid 48470 thread 14 bound to OS proc set 5
OMP: Info #250: KMP_AFFINITY: pid 48456 tid 48466 thread 10 bound to OS proc set 20
OMP: Info #250: KMP_AFFINITY: pid 48456 tid 48471 thread 15 bound to OS proc set 7
OMP: Info #212: KMP_AFFINITY: decoding x2APIC ids.
OMP: Info #210: KMP_AFFINITY: Affinity capable, using global cpuid leaf 11 info
OMP: Info #154: KMP_AFFINITY: Initial OS proc set respected: 0-8,10,12,14,16,18,20,22
OMP: Info #156: KMP_AFFINITY: 16 available OS procs
OMP: Info #158: KMP_AFFINITY: Nonuniform topology
OMP: Info #179: KMP_AFFINITY: 2 packages x 12 cores/pkg x 1 threads/core (16 total cores)
OMP: Info #214: KMP_AFFINITY: OS proc to physical thread map:
OMP: Info #171: KMP_AFFINITY: OS proc 0 maps to package 0 core 0 
OMP: Info #171: KMP_AFFINITY: OS proc 2 maps to package 0 core 1 
OMP: Info #171: KMP_AFFINITY: OS proc 4 maps to package 0 core 2 
OMP: Info #171: KMP_AFFINITY: OS proc 6 maps to package 0 core 3 
OMP: Info #171: KMP_AFFINITY: OS proc 8 maps to package 0 core 4 
OMP: Info #171: KMP_AFFINITY: OS proc 10 maps to package 0 core 5 
OMP: Info #171: KMP_AFFINITY: OS proc 12 maps to package 0 core 8 
OMP: Info #171: KMP_AFFINITY: OS proc 14 maps to package 0 core 9 
OMP: Info #171: KMP_AFFINITY: OS proc 16 maps to package 0 core 10 
OMP: Info #171: KMP_AFFINITY: OS proc 18 maps to package 0 core 11 
OMP: Info #171: KMP_AFFINITY: OS proc 20 maps to package 0 core 12 
OMP: Info #171: KMP_AFFINITY: OS proc 22 maps to package 0 core 13 
OMP: Info #171: KMP_AFFINITY: OS proc 1 maps to package 1 core 0 
OMP: Info #171: KMP_AFFINITY: OS proc 3 maps to package 1 core 1 
OMP: Info #171: KMP_AFFINITY: OS proc 5 maps to package 1 core 2 
OMP: Info #171: KMP_AFFINITY: OS proc 7 maps to package 1 core 3 
OMP: Info #250: KMP_AFFINITY: pid 48472 tid 48472 thread 0 bound to OS proc set 0
OMP: Info #250: KMP_AFFINITY: pid 48472 tid 48474 thread 2 bound to OS proc set 2
OMP: Info #250: KMP_AFFINITY: pid 48472 tid 48473 thread 1 bound to OS proc set 1
OMP: Info #250: KMP_AFFINITY: pid 48472 tid 48476 thread 4 bound to OS proc set 4
OMP: Info #250: KMP_AFFINITY: pid 48472 tid 48475 thread 3 bound to OS proc set 3
OMP: Info #250: KMP_AFFINITY: pid 48472 tid 48478 thread 6 bound to OS proc set 6
OMP: Info #250: KMP_AFFINITY: pid 48472 tid 48479 thread 7 bound to OS proc set 7
OMP: Info #250: KMP_AFFINITY: pid 48472 tid 48477 thread 5 bound to OS proc set 5
OMP: Info #250: KMP_AFFINITY: pid 48472 tid 48480 thread 8 bound to OS proc set 8
OMP: Info #250: KMP_AFFINITY: pid 48472 tid 48481 thread 9 bound to OS proc set 10
OMP: Info #250: KMP_AFFINITY: pid 48472 tid 48482 thread 10 bound to OS proc set 12
OMP: Info #250: KMP_AFFINITY: pid 48472 tid 48484 thread 12 bound to OS proc set 16
OMP: Info #250: KMP_AFFINITY: pid 48472 tid 48483 thread 11 bound to OS proc set 14
OMP: Info #250: KMP_AFFINITY: pid 48472 tid 48486 thread 14 bound to OS proc set 20
OMP: Info #250: KMP_AFFINITY: pid 48472 tid 48487 thread 15 bound to OS proc set 22
OMP: Info #250: KMP_AFFINITY: pid 48472 tid 48485 thread 13 bound to OS proc set 18
