Setting stack size to unlimited...
core file size          (blocks, -c) 0
data seg size           (kbytes, -d) unlimited
scheduling priority             (-e) 0
file size               (blocks, -f) unlimited
pending signals                 (-i) 2062728
max locked memory       (kbytes, -l) unlimited
max memory size         (kbytes, -m) 253952000
open files                      (-n) 1024
pipe size            (512 bytes, -p) 8
POSIX message queues     (bytes, -q) 819200
real-time priority              (-r) 0
stack size              (kbytes, -s) unlimited
cpu time               (seconds, -t) unlimited
max user processes              (-u) 4096
virtual memory          (kbytes, -v) unlimited
file locks                      (-x) unlimited

OMP: Info #212: KMP_AFFINITY: decoding x2APIC ids.
OMP: Info #210: KMP_AFFINITY: Affinity capable, using global cpuid leaf 11 info
OMP: Info #154: KMP_AFFINITY: Initial OS proc set respected: 1,3-5,7,9-12,22,24,26,28,30,32,34
OMP: Info #156: KMP_AFFINITY: 16 available OS procs
OMP: Info #158: KMP_AFFINITY: Nonuniform topology
OMP: Info #179: KMP_AFFINITY: 2 packages x 10 cores/pkg x 1 threads/core (16 total cores)
OMP: Info #214: KMP_AFFINITY: OS proc to physical thread map:
OMP: Info #171: KMP_AFFINITY: OS proc 4 maps to package 0 core 2 
OMP: Info #171: KMP_AFFINITY: OS proc 10 maps to package 0 core 8 
OMP: Info #171: KMP_AFFINITY: OS proc 12 maps to package 0 core 9 
OMP: Info #171: KMP_AFFINITY: OS proc 22 maps to package 0 core 18 
OMP: Info #171: KMP_AFFINITY: OS proc 24 maps to package 0 core 19 
OMP: Info #171: KMP_AFFINITY: OS proc 26 maps to package 0 core 20 
OMP: Info #171: KMP_AFFINITY: OS proc 28 maps to package 0 core 24 
OMP: Info #171: KMP_AFFINITY: OS proc 30 maps to package 0 core 25 
OMP: Info #171: KMP_AFFINITY: OS proc 32 maps to package 0 core 26 
OMP: Info #171: KMP_AFFINITY: OS proc 34 maps to package 0 core 27 
OMP: Info #171: KMP_AFFINITY: OS proc 1 maps to package 1 core 0 
OMP: Info #171: KMP_AFFINITY: OS proc 3 maps to package 1 core 1 
OMP: Info #171: KMP_AFFINITY: OS proc 5 maps to package 1 core 2 
OMP: Info #171: KMP_AFFINITY: OS proc 7 maps to package 1 core 3 
OMP: Info #171: KMP_AFFINITY: OS proc 9 maps to package 1 core 4 
OMP: Info #171: KMP_AFFINITY: OS proc 11 maps to package 1 core 8 
OMP: Info #250: KMP_AFFINITY: pid 45337 tid 45337 thread 0 bound to OS proc set 4
OMP: Info #212: KMP_AFFINITY: decoding x2APIC ids.
OMP: Info #210: KMP_AFFINITY: Affinity capable, using global cpuid leaf 11 info
OMP: Info #154: KMP_AFFINITY: Initial OS proc set respected: 1,3-5,7,9-12,22,24,26,28,30,32,34
OMP: Info #156: KMP_AFFINITY: 16 available OS procs
OMP: Info #158: KMP_AFFINITY: Nonuniform topology
OMP: Info #179: KMP_AFFINITY: 2 packages x 10 cores/pkg x 1 threads/core (16 total cores)
OMP: Info #214: KMP_AFFINITY: OS proc to physical thread map:
OMP: Info #171: KMP_AFFINITY: OS proc 4 maps to package 0 core 2 
OMP: Info #171: KMP_AFFINITY: OS proc 10 maps to package 0 core 8 
OMP: Info #171: KMP_AFFINITY: OS proc 12 maps to package 0 core 9 
OMP: Info #171: KMP_AFFINITY: OS proc 22 maps to package 0 core 18 
OMP: Info #171: KMP_AFFINITY: OS proc 24 maps to package 0 core 19 
OMP: Info #171: KMP_AFFINITY: OS proc 26 maps to package 0 core 20 
OMP: Info #171: KMP_AFFINITY: OS proc 28 maps to package 0 core 24 
OMP: Info #171: KMP_AFFINITY: OS proc 30 maps to package 0 core 25 
OMP: Info #171: KMP_AFFINITY: OS proc 32 maps to package 0 core 26 
OMP: Info #171: KMP_AFFINITY: OS proc 34 maps to package 0 core 27 
OMP: Info #171: KMP_AFFINITY: OS proc 1 maps to package 1 core 0 
OMP: Info #171: KMP_AFFINITY: OS proc 3 maps to package 1 core 1 
OMP: Info #171: KMP_AFFINITY: OS proc 5 maps to package 1 core 2 
OMP: Info #171: KMP_AFFINITY: OS proc 7 maps to package 1 core 3 
OMP: Info #171: KMP_AFFINITY: OS proc 9 maps to package 1 core 4 
OMP: Info #171: KMP_AFFINITY: OS proc 11 maps to package 1 core 8 
OMP: Info #250: KMP_AFFINITY: pid 45350 tid 45350 thread 0 bound to OS proc set 4
OMP: Info #212: KMP_AFFINITY: decoding x2APIC ids.
OMP: Info #210: KMP_AFFINITY: Affinity capable, using global cpuid leaf 11 info
OMP: Info #154: KMP_AFFINITY: Initial OS proc set respected: 1,3-5,7,9-12,22,24,26,28,30,32,34
OMP: Info #156: KMP_AFFINITY: 16 available OS procs
OMP: Info #158: KMP_AFFINITY: Nonuniform topology
OMP: Info #179: KMP_AFFINITY: 2 packages x 10 cores/pkg x 1 threads/core (16 total cores)
OMP: Info #214: KMP_AFFINITY: OS proc to physical thread map:
OMP: Info #171: KMP_AFFINITY: OS proc 4 maps to package 0 core 2 
OMP: Info #171: KMP_AFFINITY: OS proc 10 maps to package 0 core 8 
OMP: Info #171: KMP_AFFINITY: OS proc 12 maps to package 0 core 9 
OMP: Info #171: KMP_AFFINITY: OS proc 22 maps to package 0 core 18 
OMP: Info #171: KMP_AFFINITY: OS proc 24 maps to package 0 core 19 
OMP: Info #171: KMP_AFFINITY: OS proc 26 maps to package 0 core 20 
OMP: Info #171: KMP_AFFINITY: OS proc 28 maps to package 0 core 24 
OMP: Info #171: KMP_AFFINITY: OS proc 30 maps to package 0 core 25 
OMP: Info #171: KMP_AFFINITY: OS proc 32 maps to package 0 core 26 
OMP: Info #171: KMP_AFFINITY: OS proc 34 maps to package 0 core 27 
OMP: Info #171: KMP_AFFINITY: OS proc 1 maps to package 1 core 0 
OMP: Info #171: KMP_AFFINITY: OS proc 3 maps to package 1 core 1 
OMP: Info #171: KMP_AFFINITY: OS proc 5 maps to package 1 core 2 
OMP: Info #171: KMP_AFFINITY: OS proc 7 maps to package 1 core 3 
OMP: Info #171: KMP_AFFINITY: OS proc 9 maps to package 1 core 4 
OMP: Info #171: KMP_AFFINITY: OS proc 11 maps to package 1 core 8 
OMP: Info #250: KMP_AFFINITY: pid 45351 tid 45351 thread 0 bound to OS proc set 4
OMP: Info #212: KMP_AFFINITY: decoding x2APIC ids.
OMP: Info #210: KMP_AFFINITY: Affinity capable, using global cpuid leaf 11 info
OMP: Info #154: KMP_AFFINITY: Initial OS proc set respected: 1,3-5,7,9-12,22,24,26,28,30,32,34
OMP: Info #156: KMP_AFFINITY: 16 available OS procs
OMP: Info #158: KMP_AFFINITY: Nonuniform topology
OMP: Info #179: KMP_AFFINITY: 2 packages x 10 cores/pkg x 1 threads/core (16 total cores)
OMP: Info #214: KMP_AFFINITY: OS proc to physical thread map:
OMP: Info #171: KMP_AFFINITY: OS proc 4 maps to package 0 core 2 
OMP: Info #171: KMP_AFFINITY: OS proc 10 maps to package 0 core 8 
OMP: Info #171: KMP_AFFINITY: OS proc 12 maps to package 0 core 9 
OMP: Info #171: KMP_AFFINITY: OS proc 22 maps to package 0 core 18 
OMP: Info #171: KMP_AFFINITY: OS proc 24 maps to package 0 core 19 
OMP: Info #171: KMP_AFFINITY: OS proc 26 maps to package 0 core 20 
OMP: Info #171: KMP_AFFINITY: OS proc 28 maps to package 0 core 24 
OMP: Info #171: KMP_AFFINITY: OS proc 30 maps to package 0 core 25 
OMP: Info #171: KMP_AFFINITY: OS proc 32 maps to package 0 core 26 
OMP: Info #171: KMP_AFFINITY: OS proc 34 maps to package 0 core 27 
OMP: Info #171: KMP_AFFINITY: OS proc 1 maps to package 1 core 0 
OMP: Info #171: KMP_AFFINITY: OS proc 3 maps to package 1 core 1 
OMP: Info #171: KMP_AFFINITY: OS proc 5 maps to package 1 core 2 
OMP: Info #171: KMP_AFFINITY: OS proc 7 maps to package 1 core 3 
OMP: Info #171: KMP_AFFINITY: OS proc 9 maps to package 1 core 4 
OMP: Info #171: KMP_AFFINITY: OS proc 11 maps to package 1 core 8 
OMP: Info #250: KMP_AFFINITY: pid 45352 tid 45352 thread 0 bound to OS proc set 4
OMP: Info #250: KMP_AFFINITY: pid 45352 tid 45353 thread 1 bound to OS proc set 10
OMP: Info #212: KMP_AFFINITY: decoding x2APIC ids.
OMP: Info #210: KMP_AFFINITY: Affinity capable, using global cpuid leaf 11 info
OMP: Info #154: KMP_AFFINITY: Initial OS proc set respected: 1,3-5,7,9-12,22,24,26,28,30,32,34
OMP: Info #156: KMP_AFFINITY: 16 available OS procs
OMP: Info #158: KMP_AFFINITY: Nonuniform topology
OMP: Info #179: KMP_AFFINITY: 2 packages x 10 cores/pkg x 1 threads/core (16 total cores)
OMP: Info #214: KMP_AFFINITY: OS proc to physical thread map:
OMP: Info #171: KMP_AFFINITY: OS proc 4 maps to package 0 core 2 
OMP: Info #171: KMP_AFFINITY: OS proc 10 maps to package 0 core 8 
OMP: Info #171: KMP_AFFINITY: OS proc 12 maps to package 0 core 9 
OMP: Info #171: KMP_AFFINITY: OS proc 22 maps to package 0 core 18 
OMP: Info #171: KMP_AFFINITY: OS proc 24 maps to package 0 core 19 
OMP: Info #171: KMP_AFFINITY: OS proc 26 maps to package 0 core 20 
OMP: Info #171: KMP_AFFINITY: OS proc 28 maps to package 0 core 24 
OMP: Info #171: KMP_AFFINITY: OS proc 30 maps to package 0 core 25 
OMP: Info #171: KMP_AFFINITY: OS proc 32 maps to package 0 core 26 
OMP: Info #171: KMP_AFFINITY: OS proc 34 maps to package 0 core 27 
OMP: Info #171: KMP_AFFINITY: OS proc 1 maps to package 1 core 0 
OMP: Info #171: KMP_AFFINITY: OS proc 3 maps to package 1 core 1 
OMP: Info #171: KMP_AFFINITY: OS proc 5 maps to package 1 core 2 
OMP: Info #171: KMP_AFFINITY: OS proc 7 maps to package 1 core 3 
OMP: Info #171: KMP_AFFINITY: OS proc 9 maps to package 1 core 4 
OMP: Info #171: KMP_AFFINITY: OS proc 11 maps to package 1 core 8 
OMP: Info #250: KMP_AFFINITY: pid 45365 tid 45365 thread 0 bound to OS proc set 4
OMP: Info #250: KMP_AFFINITY: pid 45365 tid 45366 thread 1 bound to OS proc set 10
OMP: Info #212: KMP_AFFINITY: decoding x2APIC ids.
OMP: Info #210: KMP_AFFINITY: Affinity capable, using global cpuid leaf 11 info
OMP: Info #154: KMP_AFFINITY: Initial OS proc set respected: 1,3-5,7,9-12,22,24,26,28,30,32,34
OMP: Info #156: KMP_AFFINITY: 16 available OS procs
OMP: Info #158: KMP_AFFINITY: Nonuniform topology
OMP: Info #179: KMP_AFFINITY: 2 packages x 10 cores/pkg x 1 threads/core (16 total cores)
OMP: Info #214: KMP_AFFINITY: OS proc to physical thread map:
OMP: Info #171: KMP_AFFINITY: OS proc 4 maps to package 0 core 2 
OMP: Info #171: KMP_AFFINITY: OS proc 10 maps to package 0 core 8 
OMP: Info #171: KMP_AFFINITY: OS proc 12 maps to package 0 core 9 
OMP: Info #171: KMP_AFFINITY: OS proc 22 maps to package 0 core 18 
OMP: Info #171: KMP_AFFINITY: OS proc 24 maps to package 0 core 19 
OMP: Info #171: KMP_AFFINITY: OS proc 26 maps to package 0 core 20 
OMP: Info #171: KMP_AFFINITY: OS proc 28 maps to package 0 core 24 
OMP: Info #171: KMP_AFFINITY: OS proc 30 maps to package 0 core 25 
OMP: Info #171: KMP_AFFINITY: OS proc 32 maps to package 0 core 26 
OMP: Info #171: KMP_AFFINITY: OS proc 34 maps to package 0 core 27 
OMP: Info #171: KMP_AFFINITY: OS proc 1 maps to package 1 core 0 
OMP: Info #171: KMP_AFFINITY: OS proc 3 maps to package 1 core 1 
OMP: Info #171: KMP_AFFINITY: OS proc 5 maps to package 1 core 2 
OMP: Info #171: KMP_AFFINITY: OS proc 7 maps to package 1 core 3 
OMP: Info #171: KMP_AFFINITY: OS proc 9 maps to package 1 core 4 
OMP: Info #171: KMP_AFFINITY: OS proc 11 maps to package 1 core 8 
OMP: Info #250: KMP_AFFINITY: pid 45370 tid 45370 thread 0 bound to OS proc set 4
OMP: Info #250: KMP_AFFINITY: pid 45370 tid 45371 thread 1 bound to OS proc set 10
OMP: Info #212: KMP_AFFINITY: decoding x2APIC ids.
OMP: Info #210: KMP_AFFINITY: Affinity capable, using global cpuid leaf 11 info
OMP: Info #154: KMP_AFFINITY: Initial OS proc set respected: 1,3-5,7,9-12,22,24,26,28,30,32,34
OMP: Info #156: KMP_AFFINITY: 16 available OS procs
OMP: Info #158: KMP_AFFINITY: Nonuniform topology
OMP: Info #179: KMP_AFFINITY: 2 packages x 10 cores/pkg x 1 threads/core (16 total cores)
OMP: Info #214: KMP_AFFINITY: OS proc to physical thread map:
OMP: Info #171: KMP_AFFINITY: OS proc 4 maps to package 0 core 2 
OMP: Info #171: KMP_AFFINITY: OS proc 10 maps to package 0 core 8 
OMP: Info #171: KMP_AFFINITY: OS proc 12 maps to package 0 core 9 
OMP: Info #171: KMP_AFFINITY: OS proc 22 maps to package 0 core 18 
OMP: Info #171: KMP_AFFINITY: OS proc 24 maps to package 0 core 19 
OMP: Info #171: KMP_AFFINITY: OS proc 26 maps to package 0 core 20 
OMP: Info #171: KMP_AFFINITY: OS proc 28 maps to package 0 core 24 
OMP: Info #171: KMP_AFFINITY: OS proc 30 maps to package 0 core 25 
OMP: Info #171: KMP_AFFINITY: OS proc 32 maps to package 0 core 26 
OMP: Info #171: KMP_AFFINITY: OS proc 34 maps to package 0 core 27 
OMP: Info #171: KMP_AFFINITY: OS proc 1 maps to package 1 core 0 
OMP: Info #171: KMP_AFFINITY: OS proc 3 maps to package 1 core 1 
OMP: Info #171: KMP_AFFINITY: OS proc 5 maps to package 1 core 2 
OMP: Info #171: KMP_AFFINITY: OS proc 7 maps to package 1 core 3 
OMP: Info #171: KMP_AFFINITY: OS proc 9 maps to package 1 core 4 
OMP: Info #171: KMP_AFFINITY: OS proc 11 maps to package 1 core 8 
OMP: Info #250: KMP_AFFINITY: pid 45372 tid 45372 thread 0 bound to OS proc set 4
OMP: Info #250: KMP_AFFINITY: pid 45372 tid 45373 thread 1 bound to OS proc set 10
OMP: Info #250: KMP_AFFINITY: pid 45372 tid 45374 thread 2 bound to OS proc set 12
OMP: Info #250: KMP_AFFINITY: pid 45372 tid 45375 thread 3 bound to OS proc set 22
OMP: Info #212: KMP_AFFINITY: decoding x2APIC ids.
OMP: Info #210: KMP_AFFINITY: Affinity capable, using global cpuid leaf 11 info
OMP: Info #154: KMP_AFFINITY: Initial OS proc set respected: 1,3-5,7,9-12,22,24,26,28,30,32,34
OMP: Info #156: KMP_AFFINITY: 16 available OS procs
OMP: Info #158: KMP_AFFINITY: Nonuniform topology
OMP: Info #179: KMP_AFFINITY: 2 packages x 10 cores/pkg x 1 threads/core (16 total cores)
OMP: Info #214: KMP_AFFINITY: OS proc to physical thread map:
OMP: Info #171: KMP_AFFINITY: OS proc 4 maps to package 0 core 2 
OMP: Info #171: KMP_AFFINITY: OS proc 10 maps to package 0 core 8 
OMP: Info #171: KMP_AFFINITY: OS proc 12 maps to package 0 core 9 
OMP: Info #171: KMP_AFFINITY: OS proc 22 maps to package 0 core 18 
OMP: Info #171: KMP_AFFINITY: OS proc 24 maps to package 0 core 19 
OMP: Info #171: KMP_AFFINITY: OS proc 26 maps to package 0 core 20 
OMP: Info #171: KMP_AFFINITY: OS proc 28 maps to package 0 core 24 
OMP: Info #171: KMP_AFFINITY: OS proc 30 maps to package 0 core 25 
OMP: Info #171: KMP_AFFINITY: OS proc 32 maps to package 0 core 26 
OMP: Info #171: KMP_AFFINITY: OS proc 34 maps to package 0 core 27 
OMP: Info #171: KMP_AFFINITY: OS proc 1 maps to package 1 core 0 
OMP: Info #171: KMP_AFFINITY: OS proc 3 maps to package 1 core 1 
OMP: Info #171: KMP_AFFINITY: OS proc 5 maps to package 1 core 2 
OMP: Info #171: KMP_AFFINITY: OS proc 7 maps to package 1 core 3 
OMP: Info #171: KMP_AFFINITY: OS proc 9 maps to package 1 core 4 
OMP: Info #171: KMP_AFFINITY: OS proc 11 maps to package 1 core 8 
OMP: Info #250: KMP_AFFINITY: pid 45377 tid 45377 thread 0 bound to OS proc set 4
OMP: Info #250: KMP_AFFINITY: pid 45377 tid 45378 thread 1 bound to OS proc set 10
OMP: Info #250: KMP_AFFINITY: pid 45377 tid 45379 thread 2 bound to OS proc set 12
OMP: Info #250: KMP_AFFINITY: pid 45377 tid 45380 thread 3 bound to OS proc set 22
OMP: Info #212: KMP_AFFINITY: decoding x2APIC ids.
OMP: Info #210: KMP_AFFINITY: Affinity capable, using global cpuid leaf 11 info
OMP: Info #154: KMP_AFFINITY: Initial OS proc set respected: 1,3-5,7,9-12,22,24,26,28,30,32,34
OMP: Info #156: KMP_AFFINITY: 16 available OS procs
OMP: Info #158: KMP_AFFINITY: Nonuniform topology
OMP: Info #179: KMP_AFFINITY: 2 packages x 10 cores/pkg x 1 threads/core (16 total cores)
OMP: Info #214: KMP_AFFINITY: OS proc to physical thread map:
OMP: Info #171: KMP_AFFINITY: OS proc 4 maps to package 0 core 2 
OMP: Info #171: KMP_AFFINITY: OS proc 10 maps to package 0 core 8 
OMP: Info #171: KMP_AFFINITY: OS proc 12 maps to package 0 core 9 
OMP: Info #171: KMP_AFFINITY: OS proc 22 maps to package 0 core 18 
OMP: Info #171: KMP_AFFINITY: OS proc 24 maps to package 0 core 19 
OMP: Info #171: KMP_AFFINITY: OS proc 26 maps to package 0 core 20 
OMP: Info #171: KMP_AFFINITY: OS proc 28 maps to package 0 core 24 
OMP: Info #171: KMP_AFFINITY: OS proc 30 maps to package 0 core 25 
OMP: Info #171: KMP_AFFINITY: OS proc 32 maps to package 0 core 26 
OMP: Info #171: KMP_AFFINITY: OS proc 34 maps to package 0 core 27 
OMP: Info #171: KMP_AFFINITY: OS proc 1 maps to package 1 core 0 
OMP: Info #171: KMP_AFFINITY: OS proc 3 maps to package 1 core 1 
OMP: Info #171: KMP_AFFINITY: OS proc 5 maps to package 1 core 2 
OMP: Info #171: KMP_AFFINITY: OS proc 7 maps to package 1 core 3 
OMP: Info #171: KMP_AFFINITY: OS proc 9 maps to package 1 core 4 
OMP: Info #171: KMP_AFFINITY: OS proc 11 maps to package 1 core 8 
OMP: Info #250: KMP_AFFINITY: pid 45384 tid 45384 thread 0 bound to OS proc set 4
OMP: Info #250: KMP_AFFINITY: pid 45384 tid 45385 thread 1 bound to OS proc set 10
OMP: Info #250: KMP_AFFINITY: pid 45384 tid 45386 thread 2 bound to OS proc set 12
OMP: Info #250: KMP_AFFINITY: pid 45384 tid 45387 thread 3 bound to OS proc set 22
OMP: Info #212: KMP_AFFINITY: decoding x2APIC ids.
OMP: Info #210: KMP_AFFINITY: Affinity capable, using global cpuid leaf 11 info
OMP: Info #154: KMP_AFFINITY: Initial OS proc set respected: 1,3-5,7,9-12,22,24,26,28,30,32,34
OMP: Info #156: KMP_AFFINITY: 16 available OS procs
OMP: Info #158: KMP_AFFINITY: Nonuniform topology
OMP: Info #179: KMP_AFFINITY: 2 packages x 10 cores/pkg x 1 threads/core (16 total cores)
OMP: Info #214: KMP_AFFINITY: OS proc to physical thread map:
OMP: Info #171: KMP_AFFINITY: OS proc 4 maps to package 0 core 2 
OMP: Info #171: KMP_AFFINITY: OS proc 10 maps to package 0 core 8 
OMP: Info #171: KMP_AFFINITY: OS proc 12 maps to package 0 core 9 
OMP: Info #171: KMP_AFFINITY: OS proc 22 maps to package 0 core 18 
OMP: Info #171: KMP_AFFINITY: OS proc 24 maps to package 0 core 19 
OMP: Info #171: KMP_AFFINITY: OS proc 26 maps to package 0 core 20 
OMP: Info #171: KMP_AFFINITY: OS proc 28 maps to package 0 core 24 
OMP: Info #171: KMP_AFFINITY: OS proc 30 maps to package 0 core 25 
OMP: Info #171: KMP_AFFINITY: OS proc 32 maps to package 0 core 26 
OMP: Info #171: KMP_AFFINITY: OS proc 34 maps to package 0 core 27 
OMP: Info #171: KMP_AFFINITY: OS proc 1 maps to package 1 core 0 
OMP: Info #171: KMP_AFFINITY: OS proc 3 maps to package 1 core 1 
OMP: Info #171: KMP_AFFINITY: OS proc 5 maps to package 1 core 2 
OMP: Info #171: KMP_AFFINITY: OS proc 7 maps to package 1 core 3 
OMP: Info #171: KMP_AFFINITY: OS proc 9 maps to package 1 core 4 
OMP: Info #171: KMP_AFFINITY: OS proc 11 maps to package 1 core 8 
OMP: Info #250: KMP_AFFINITY: pid 45388 tid 45388 thread 0 bound to OS proc set 4
OMP: Info #250: KMP_AFFINITY: pid 45388 tid 45389 thread 1 bound to OS proc set 10
OMP: Info #250: KMP_AFFINITY: pid 45388 tid 45390 thread 2 bound to OS proc set 12
OMP: Info #250: KMP_AFFINITY: pid 45388 tid 45391 thread 3 bound to OS proc set 22
OMP: Info #250: KMP_AFFINITY: pid 45388 tid 45392 thread 4 bound to OS proc set 24
OMP: Info #250: KMP_AFFINITY: pid 45388 tid 45393 thread 5 bound to OS proc set 26
OMP: Info #250: KMP_AFFINITY: pid 45388 tid 45394 thread 6 bound to OS proc set 28
OMP: Info #250: KMP_AFFINITY: pid 45388 tid 45395 thread 7 bound to OS proc set 30
OMP: Info #212: KMP_AFFINITY: decoding x2APIC ids.
OMP: Info #210: KMP_AFFINITY: Affinity capable, using global cpuid leaf 11 info
OMP: Info #154: KMP_AFFINITY: Initial OS proc set respected: 1,3-5,7,9-12,22,24,26,28,30,32,34
OMP: Info #156: KMP_AFFINITY: 16 available OS procs
OMP: Info #158: KMP_AFFINITY: Nonuniform topology
OMP: Info #179: KMP_AFFINITY: 2 packages x 10 cores/pkg x 1 threads/core (16 total cores)
OMP: Info #214: KMP_AFFINITY: OS proc to physical thread map:
OMP: Info #171: KMP_AFFINITY: OS proc 4 maps to package 0 core 2 
OMP: Info #171: KMP_AFFINITY: OS proc 10 maps to package 0 core 8 
OMP: Info #171: KMP_AFFINITY: OS proc 12 maps to package 0 core 9 
OMP: Info #171: KMP_AFFINITY: OS proc 22 maps to package 0 core 18 
OMP: Info #171: KMP_AFFINITY: OS proc 24 maps to package 0 core 19 
OMP: Info #171: KMP_AFFINITY: OS proc 26 maps to package 0 core 20 
OMP: Info #171: KMP_AFFINITY: OS proc 28 maps to package 0 core 24 
OMP: Info #171: KMP_AFFINITY: OS proc 30 maps to package 0 core 25 
OMP: Info #171: KMP_AFFINITY: OS proc 32 maps to package 0 core 26 
OMP: Info #171: KMP_AFFINITY: OS proc 34 maps to package 0 core 27 
OMP: Info #171: KMP_AFFINITY: OS proc 1 maps to package 1 core 0 
OMP: Info #171: KMP_AFFINITY: OS proc 3 maps to package 1 core 1 
OMP: Info #171: KMP_AFFINITY: OS proc 5 maps to package 1 core 2 
OMP: Info #171: KMP_AFFINITY: OS proc 7 maps to package 1 core 3 
OMP: Info #171: KMP_AFFINITY: OS proc 9 maps to package 1 core 4 
OMP: Info #171: KMP_AFFINITY: OS proc 11 maps to package 1 core 8 
OMP: Info #250: KMP_AFFINITY: pid 45408 tid 45408 thread 0 bound to OS proc set 4
OMP: Info #250: KMP_AFFINITY: pid 45408 tid 45410 thread 2 bound to OS proc set 12
OMP: Info #250: KMP_AFFINITY: pid 45408 tid 45409 thread 1 bound to OS proc set 10
OMP: Info #250: KMP_AFFINITY: pid 45408 tid 45411 thread 3 bound to OS proc set 22
OMP: Info #250: KMP_AFFINITY: pid 45408 tid 45413 thread 5 bound to OS proc set 26
OMP: Info #250: KMP_AFFINITY: pid 45408 tid 45412 thread 4 bound to OS proc set 24
OMP: Info #250: KMP_AFFINITY: pid 45408 tid 45415 thread 7 bound to OS proc set 30
OMP: Info #250: KMP_AFFINITY: pid 45408 tid 45414 thread 6 bound to OS proc set 28
OMP: Info #212: KMP_AFFINITY: decoding x2APIC ids.
OMP: Info #210: KMP_AFFINITY: Affinity capable, using global cpuid leaf 11 info
OMP: Info #154: KMP_AFFINITY: Initial OS proc set respected: 1,3-5,7,9-12,22,24,26,28,30,32,34
OMP: Info #156: KMP_AFFINITY: 16 available OS procs
OMP: Info #158: KMP_AFFINITY: Nonuniform topology
OMP: Info #179: KMP_AFFINITY: 2 packages x 10 cores/pkg x 1 threads/core (16 total cores)
OMP: Info #214: KMP_AFFINITY: OS proc to physical thread map:
OMP: Info #171: KMP_AFFINITY: OS proc 4 maps to package 0 core 2 
OMP: Info #171: KMP_AFFINITY: OS proc 10 maps to package 0 core 8 
OMP: Info #171: KMP_AFFINITY: OS proc 12 maps to package 0 core 9 
OMP: Info #171: KMP_AFFINITY: OS proc 22 maps to package 0 core 18 
OMP: Info #171: KMP_AFFINITY: OS proc 24 maps to package 0 core 19 
OMP: Info #171: KMP_AFFINITY: OS proc 26 maps to package 0 core 20 
OMP: Info #171: KMP_AFFINITY: OS proc 28 maps to package 0 core 24 
OMP: Info #171: KMP_AFFINITY: OS proc 30 maps to package 0 core 25 
OMP: Info #171: KMP_AFFINITY: OS proc 32 maps to package 0 core 26 
OMP: Info #171: KMP_AFFINITY: OS proc 34 maps to package 0 core 27 
OMP: Info #171: KMP_AFFINITY: OS proc 1 maps to package 1 core 0 
OMP: Info #171: KMP_AFFINITY: OS proc 3 maps to package 1 core 1 
OMP: Info #171: KMP_AFFINITY: OS proc 5 maps to package 1 core 2 
OMP: Info #171: KMP_AFFINITY: OS proc 7 maps to package 1 core 3 
OMP: Info #171: KMP_AFFINITY: OS proc 9 maps to package 1 core 4 
OMP: Info #171: KMP_AFFINITY: OS proc 11 maps to package 1 core 8 
OMP: Info #250: KMP_AFFINITY: pid 45416 tid 45416 thread 0 bound to OS proc set 4
OMP: Info #250: KMP_AFFINITY: pid 45416 tid 45417 thread 1 bound to OS proc set 10
OMP: Info #250: KMP_AFFINITY: pid 45416 tid 45418 thread 2 bound to OS proc set 12
OMP: Info #250: KMP_AFFINITY: pid 45416 tid 45419 thread 3 bound to OS proc set 22
OMP: Info #250: KMP_AFFINITY: pid 45416 tid 45420 thread 4 bound to OS proc set 24
OMP: Info #250: KMP_AFFINITY: pid 45416 tid 45421 thread 5 bound to OS proc set 26
OMP: Info #250: KMP_AFFINITY: pid 45416 tid 45422 thread 6 bound to OS proc set 28
OMP: Info #250: KMP_AFFINITY: pid 45416 tid 45423 thread 7 bound to OS proc set 30
OMP: Info #212: KMP_AFFINITY: decoding x2APIC ids.
OMP: Info #210: KMP_AFFINITY: Affinity capable, using global cpuid leaf 11 info
OMP: Info #154: KMP_AFFINITY: Initial OS proc set respected: 1,3-5,7,9-12,22,24,26,28,30,32,34
OMP: Info #156: KMP_AFFINITY: 16 available OS procs
OMP: Info #158: KMP_AFFINITY: Nonuniform topology
OMP: Info #179: KMP_AFFINITY: 2 packages x 10 cores/pkg x 1 threads/core (16 total cores)
OMP: Info #214: KMP_AFFINITY: OS proc to physical thread map:
OMP: Info #171: KMP_AFFINITY: OS proc 4 maps to package 0 core 2 
OMP: Info #171: KMP_AFFINITY: OS proc 10 maps to package 0 core 8 
OMP: Info #171: KMP_AFFINITY: OS proc 12 maps to package 0 core 9 
OMP: Info #171: KMP_AFFINITY: OS proc 22 maps to package 0 core 18 
OMP: Info #171: KMP_AFFINITY: OS proc 24 maps to package 0 core 19 
OMP: Info #171: KMP_AFFINITY: OS proc 26 maps to package 0 core 20 
OMP: Info #171: KMP_AFFINITY: OS proc 28 maps to package 0 core 24 
OMP: Info #171: KMP_AFFINITY: OS proc 30 maps to package 0 core 25 
OMP: Info #171: KMP_AFFINITY: OS proc 32 maps to package 0 core 26 
OMP: Info #171: KMP_AFFINITY: OS proc 34 maps to package 0 core 27 
OMP: Info #171: KMP_AFFINITY: OS proc 1 maps to package 1 core 0 
OMP: Info #171: KMP_AFFINITY: OS proc 3 maps to package 1 core 1 
OMP: Info #171: KMP_AFFINITY: OS proc 5 maps to package 1 core 2 
OMP: Info #171: KMP_AFFINITY: OS proc 7 maps to package 1 core 3 
OMP: Info #171: KMP_AFFINITY: OS proc 9 maps to package 1 core 4 
OMP: Info #171: KMP_AFFINITY: OS proc 11 maps to package 1 core 8 
OMP: Info #250: KMP_AFFINITY: pid 45424 tid 45424 thread 0 bound to OS proc set 4
OMP: Info #250: KMP_AFFINITY: pid 45424 tid 45425 thread 1 bound to OS proc set 10
OMP: Info #250: KMP_AFFINITY: pid 45424 tid 45426 thread 2 bound to OS proc set 12
OMP: Info #250: KMP_AFFINITY: pid 45424 tid 45427 thread 3 bound to OS proc set 22
OMP: Info #250: KMP_AFFINITY: pid 45424 tid 45428 thread 4 bound to OS proc set 24
OMP: Info #250: KMP_AFFINITY: pid 45424 tid 45429 thread 5 bound to OS proc set 26
OMP: Info #250: KMP_AFFINITY: pid 45424 tid 45430 thread 6 bound to OS proc set 28
OMP: Info #250: KMP_AFFINITY: pid 45424 tid 45431 thread 7 bound to OS proc set 30
OMP: Info #250: KMP_AFFINITY: pid 45424 tid 45432 thread 8 bound to OS proc set 32
OMP: Info #250: KMP_AFFINITY: pid 45424 tid 45433 thread 9 bound to OS proc set 34
OMP: Info #250: KMP_AFFINITY: pid 45424 tid 45435 thread 11 bound to OS proc set 3
OMP: Info #250: KMP_AFFINITY: pid 45424 tid 45434 thread 10 bound to OS proc set 1
OMP: Info #250: KMP_AFFINITY: pid 45424 tid 45436 thread 12 bound to OS proc set 5
OMP: Info #250: KMP_AFFINITY: pid 45424 tid 45437 thread 13 bound to OS proc set 7
OMP: Info #250: KMP_AFFINITY: pid 45424 tid 45438 thread 14 bound to OS proc set 9
OMP: Info #250: KMP_AFFINITY: pid 45424 tid 45439 thread 15 bound to OS proc set 11
OMP: Info #212: KMP_AFFINITY: decoding x2APIC ids.
OMP: Info #210: KMP_AFFINITY: Affinity capable, using global cpuid leaf 11 info
OMP: Info #154: KMP_AFFINITY: Initial OS proc set respected: 1,3-5,7,9-12,22,24,26,28,30,32,34
OMP: Info #156: KMP_AFFINITY: 16 available OS procs
OMP: Info #158: KMP_AFFINITY: Nonuniform topology
OMP: Info #179: KMP_AFFINITY: 2 packages x 10 cores/pkg x 1 threads/core (16 total cores)
OMP: Info #214: KMP_AFFINITY: OS proc to physical thread map:
OMP: Info #171: KMP_AFFINITY: OS proc 4 maps to package 0 core 2 
OMP: Info #171: KMP_AFFINITY: OS proc 10 maps to package 0 core 8 
OMP: Info #171: KMP_AFFINITY: OS proc 12 maps to package 0 core 9 
OMP: Info #171: KMP_AFFINITY: OS proc 22 maps to package 0 core 18 
OMP: Info #171: KMP_AFFINITY: OS proc 24 maps to package 0 core 19 
OMP: Info #171: KMP_AFFINITY: OS proc 26 maps to package 0 core 20 
OMP: Info #171: KMP_AFFINITY: OS proc 28 maps to package 0 core 24 
OMP: Info #171: KMP_AFFINITY: OS proc 30 maps to package 0 core 25 
OMP: Info #171: KMP_AFFINITY: OS proc 32 maps to package 0 core 26 
OMP: Info #171: KMP_AFFINITY: OS proc 34 maps to package 0 core 27 
OMP: Info #171: KMP_AFFINITY: OS proc 1 maps to package 1 core 0 
OMP: Info #171: KMP_AFFINITY: OS proc 3 maps to package 1 core 1 
OMP: Info #171: KMP_AFFINITY: OS proc 5 maps to package 1 core 2 
OMP: Info #171: KMP_AFFINITY: OS proc 7 maps to package 1 core 3 
OMP: Info #171: KMP_AFFINITY: OS proc 9 maps to package 1 core 4 
OMP: Info #171: KMP_AFFINITY: OS proc 11 maps to package 1 core 8 
OMP: Info #250: KMP_AFFINITY: pid 45454 tid 45454 thread 0 bound to OS proc set 4
OMP: Info #250: KMP_AFFINITY: pid 45454 tid 45455 thread 1 bound to OS proc set 10
OMP: Info #250: KMP_AFFINITY: pid 45454 tid 45457 thread 3 bound to OS proc set 22
OMP: Info #250: KMP_AFFINITY: pid 45454 tid 45456 thread 2 bound to OS proc set 12
OMP: Info #250: KMP_AFFINITY: pid 45454 tid 45459 thread 5 bound to OS proc set 26
OMP: Info #250: KMP_AFFINITY: pid 45454 tid 45458 thread 4 bound to OS proc set 24
OMP: Info #250: KMP_AFFINITY: pid 45454 tid 45460 thread 6 bound to OS proc set 28
OMP: Info #250: KMP_AFFINITY: pid 45454 tid 45461 thread 7 bound to OS proc set 30
OMP: Info #250: KMP_AFFINITY: pid 45454 tid 45466 thread 12 bound to OS proc set 5
OMP: Info #250: KMP_AFFINITY: pid 45454 tid 45462 thread 8 bound to OS proc set 32
OMP: Info #250: KMP_AFFINITY: pid 45454 tid 45465 thread 11 bound to OS proc set 3
OMP: Info #250: KMP_AFFINITY: pid 45454 tid 45467 thread 13 bound to OS proc set 7
OMP: Info #250: KMP_AFFINITY: pid 45454 tid 45463 thread 9 bound to OS proc set 34
OMP: Info #250: KMP_AFFINITY: pid 45454 tid 45464 thread 10 bound to OS proc set 1
OMP: Info #250: KMP_AFFINITY: pid 45454 tid 45468 thread 14 bound to OS proc set 9
OMP: Info #250: KMP_AFFINITY: pid 45454 tid 45469 thread 15 bound to OS proc set 11
OMP: Info #212: KMP_AFFINITY: decoding x2APIC ids.
OMP: Info #210: KMP_AFFINITY: Affinity capable, using global cpuid leaf 11 info
OMP: Info #154: KMP_AFFINITY: Initial OS proc set respected: 1,3-5,7,9-12,22,24,26,28,30,32,34
OMP: Info #156: KMP_AFFINITY: 16 available OS procs
OMP: Info #158: KMP_AFFINITY: Nonuniform topology
OMP: Info #179: KMP_AFFINITY: 2 packages x 10 cores/pkg x 1 threads/core (16 total cores)
OMP: Info #214: KMP_AFFINITY: OS proc to physical thread map:
OMP: Info #171: KMP_AFFINITY: OS proc 4 maps to package 0 core 2 
OMP: Info #171: KMP_AFFINITY: OS proc 10 maps to package 0 core 8 
OMP: Info #171: KMP_AFFINITY: OS proc 12 maps to package 0 core 9 
OMP: Info #171: KMP_AFFINITY: OS proc 22 maps to package 0 core 18 
OMP: Info #171: KMP_AFFINITY: OS proc 24 maps to package 0 core 19 
OMP: Info #171: KMP_AFFINITY: OS proc 26 maps to package 0 core 20 
OMP: Info #171: KMP_AFFINITY: OS proc 28 maps to package 0 core 24 
OMP: Info #171: KMP_AFFINITY: OS proc 30 maps to package 0 core 25 
OMP: Info #171: KMP_AFFINITY: OS proc 32 maps to package 0 core 26 
OMP: Info #171: KMP_AFFINITY: OS proc 34 maps to package 0 core 27 
OMP: Info #171: KMP_AFFINITY: OS proc 1 maps to package 1 core 0 
OMP: Info #171: KMP_AFFINITY: OS proc 3 maps to package 1 core 1 
OMP: Info #171: KMP_AFFINITY: OS proc 5 maps to package 1 core 2 
OMP: Info #171: KMP_AFFINITY: OS proc 7 maps to package 1 core 3 
OMP: Info #171: KMP_AFFINITY: OS proc 9 maps to package 1 core 4 
OMP: Info #171: KMP_AFFINITY: OS proc 11 maps to package 1 core 8 
OMP: Info #250: KMP_AFFINITY: pid 45470 tid 45470 thread 0 bound to OS proc set 4
OMP: Info #250: KMP_AFFINITY: pid 45470 tid 45471 thread 1 bound to OS proc set 10
OMP: Info #250: KMP_AFFINITY: pid 45470 tid 45472 thread 2 bound to OS proc set 12
OMP: Info #250: KMP_AFFINITY: pid 45470 tid 45473 thread 3 bound to OS proc set 22
OMP: Info #250: KMP_AFFINITY: pid 45470 tid 45474 thread 4 bound to OS proc set 24
OMP: Info #250: KMP_AFFINITY: pid 45470 tid 45475 thread 5 bound to OS proc set 26
OMP: Info #250: KMP_AFFINITY: pid 45470 tid 45476 thread 6 bound to OS proc set 28
OMP: Info #250: KMP_AFFINITY: pid 45470 tid 45477 thread 7 bound to OS proc set 30
OMP: Info #250: KMP_AFFINITY: pid 45470 tid 45478 thread 8 bound to OS proc set 32
OMP: Info #250: KMP_AFFINITY: pid 45470 tid 45479 thread 9 bound to OS proc set 34
OMP: Info #250: KMP_AFFINITY: pid 45470 tid 45481 thread 11 bound to OS proc set 3
OMP: Info #250: KMP_AFFINITY: pid 45470 tid 45480 thread 10 bound to OS proc set 1
OMP: Info #250: KMP_AFFINITY: pid 45470 tid 45482 thread 12 bound to OS proc set 5
OMP: Info #250: KMP_AFFINITY: pid 45470 tid 45483 thread 13 bound to OS proc set 7
OMP: Info #250: KMP_AFFINITY: pid 45470 tid 45484 thread 14 bound to OS proc set 9
OMP: Info #250: KMP_AFFINITY: pid 45470 tid 45485 thread 15 bound to OS proc set 11



OMP: Info #212: KMP_AFFINITY: decoding x2APIC ids.
OMP: Info #210: KMP_AFFINITY: Affinity capable, using global cpuid leaf 11 info
OMP: Info #154: KMP_AFFINITY: Initial OS proc set respected: 1,3-5,7,9-12,22,24,26,28,30,32,34
OMP: Info #156: KMP_AFFINITY: 16 available OS procs
OMP: Info #158: KMP_AFFINITY: Nonuniform topology
OMP: Info #179: KMP_AFFINITY: 2 packages x 10 cores/pkg x 1 threads/core (16 total cores)
OMP: Info #214: KMP_AFFINITY: OS proc to physical thread map:
OMP: Info #171: KMP_AFFINITY: OS proc 4 maps to package 0 core 2 
OMP: Info #171: KMP_AFFINITY: OS proc 10 maps to package 0 core 8 
OMP: Info #171: KMP_AFFINITY: OS proc 12 maps to package 0 core 9 
OMP: Info #171: KMP_AFFINITY: OS proc 22 maps to package 0 core 18 
OMP: Info #171: KMP_AFFINITY: OS proc 24 maps to package 0 core 19 
OMP: Info #171: KMP_AFFINITY: OS proc 26 maps to package 0 core 20 
OMP: Info #171: KMP_AFFINITY: OS proc 28 maps to package 0 core 24 
OMP: Info #171: KMP_AFFINITY: OS proc 30 maps to package 0 core 25 
OMP: Info #171: KMP_AFFINITY: OS proc 32 maps to package 0 core 26 
OMP: Info #171: KMP_AFFINITY: OS proc 34 maps to package 0 core 27 
OMP: Info #171: KMP_AFFINITY: OS proc 1 maps to package 1 core 0 
OMP: Info #171: KMP_AFFINITY: OS proc 3 maps to package 1 core 1 
OMP: Info #171: KMP_AFFINITY: OS proc 5 maps to package 1 core 2 
OMP: Info #171: KMP_AFFINITY: OS proc 7 maps to package 1 core 3 
OMP: Info #171: KMP_AFFINITY: OS proc 9 maps to package 1 core 4 
OMP: Info #171: KMP_AFFINITY: OS proc 11 maps to package 1 core 8 
OMP: Info #250: KMP_AFFINITY: pid 45486 tid 45486 thread 0 bound to OS proc set 4
OMP: Info #250: KMP_AFFINITY: pid 45486 tid 45487 thread 1 bound to OS proc set 10
OMP: Info #250: KMP_AFFINITY: pid 45486 tid 45488 thread 2 bound to OS proc set 12
OMP: Info #250: KMP_AFFINITY: pid 45486 tid 45489 thread 3 bound to OS proc set 22
OMP: Info #250: KMP_AFFINITY: pid 45486 tid 45490 thread 4 bound to OS proc set 24
OMP: Info #250: KMP_AFFINITY: pid 45486 tid 45491 thread 5 bound to OS proc set 26
OMP: Info #250: KMP_AFFINITY: pid 45486 tid 45492 thread 6 bound to OS proc set 28
OMP: Info #250: KMP_AFFINITY: pid 45486 tid 45493 thread 7 bound to OS proc set 30
OMP: Info #250: KMP_AFFINITY: pid 45486 tid 45494 thread 8 bound to OS proc set 32
OMP: Info #250: KMP_AFFINITY: pid 45486 tid 45495 thread 9 bound to OS proc set 34
OMP: Info #250: KMP_AFFINITY: pid 45486 tid 45497 thread 11 bound to OS proc set 3
OMP: Info #250: KMP_AFFINITY: pid 45486 tid 45498 thread 12 bound to OS proc set 5
OMP: Info #250: KMP_AFFINITY: pid 45486 tid 45496 thread 10 bound to OS proc set 1
OMP: Info #250: KMP_AFFINITY: pid 45486 tid 45499 thread 13 bound to OS proc set 7
OMP: Info #250: KMP_AFFINITY: pid 45486 tid 45500 thread 14 bound to OS proc set 9
OMP: Info #250: KMP_AFFINITY: pid 45486 tid 45501 thread 15 bound to OS proc set 11
OMP: Info #212: KMP_AFFINITY: decoding x2APIC ids.
OMP: Info #210: KMP_AFFINITY: Affinity capable, using global cpuid leaf 11 info
OMP: Info #154: KMP_AFFINITY: Initial OS proc set respected: 1,3-5,7,9-12,22,24,26,28,30,32,34
OMP: Info #156: KMP_AFFINITY: 16 available OS procs
OMP: Info #158: KMP_AFFINITY: Nonuniform topology
OMP: Info #179: KMP_AFFINITY: 2 packages x 10 cores/pkg x 1 threads/core (16 total cores)
OMP: Info #214: KMP_AFFINITY: OS proc to physical thread map:
OMP: Info #171: KMP_AFFINITY: OS proc 4 maps to package 0 core 2 
OMP: Info #171: KMP_AFFINITY: OS proc 10 maps to package 0 core 8 
OMP: Info #171: KMP_AFFINITY: OS proc 12 maps to package 0 core 9 
OMP: Info #171: KMP_AFFINITY: OS proc 22 maps to package 0 core 18 
OMP: Info #171: KMP_AFFINITY: OS proc 24 maps to package 0 core 19 
OMP: Info #171: KMP_AFFINITY: OS proc 26 maps to package 0 core 20 
OMP: Info #171: KMP_AFFINITY: OS proc 28 maps to package 0 core 24 
OMP: Info #171: KMP_AFFINITY: OS proc 30 maps to package 0 core 25 
OMP: Info #171: KMP_AFFINITY: OS proc 32 maps to package 0 core 26 
OMP: Info #171: KMP_AFFINITY: OS proc 34 maps to package 0 core 27 
OMP: Info #171: KMP_AFFINITY: OS proc 1 maps to package 1 core 0 
OMP: Info #171: KMP_AFFINITY: OS proc 3 maps to package 1 core 1 
OMP: Info #171: KMP_AFFINITY: OS proc 5 maps to package 1 core 2 
OMP: Info #171: KMP_AFFINITY: OS proc 7 maps to package 1 core 3 
OMP: Info #171: KMP_AFFINITY: OS proc 9 maps to package 1 core 4 
OMP: Info #171: KMP_AFFINITY: OS proc 11 maps to package 1 core 8 
OMP: Info #250: KMP_AFFINITY: pid 45516 tid 45516 thread 0 bound to OS proc set 4
OMP: Info #250: KMP_AFFINITY: pid 45516 tid 45519 thread 3 bound to OS proc set 22
OMP: Info #250: KMP_AFFINITY: pid 45516 tid 45518 thread 2 bound to OS proc set 12
OMP: Info #250: KMP_AFFINITY: pid 45516 tid 45517 thread 1 bound to OS proc set 10
OMP: Info #250: KMP_AFFINITY: pid 45516 tid 45521 thread 5 bound to OS proc set 26
OMP: Info #250: KMP_AFFINITY: pid 45516 tid 45520 thread 4 bound to OS proc set 24
OMP: Info #250: KMP_AFFINITY: pid 45516 tid 45523 thread 7 bound to OS proc set 30
OMP: Info #250: KMP_AFFINITY: pid 45516 tid 45522 thread 6 bound to OS proc set 28
OMP: Info #250: KMP_AFFINITY: pid 45516 tid 45524 thread 8 bound to OS proc set 32
OMP: Info #250: KMP_AFFINITY: pid 45516 tid 45527 thread 11 bound to OS proc set 3
OMP: Info #250: KMP_AFFINITY: pid 45516 tid 45526 thread 10 bound to OS proc set 1
OMP: Info #250: KMP_AFFINITY: pid 45516 tid 45525 thread 9 bound to OS proc set 34
OMP: Info #250: KMP_AFFINITY: pid 45516 tid 45528 thread 12 bound to OS proc set 5
OMP: Info #250: KMP_AFFINITY: pid 45516 tid 45530 thread 14 bound to OS proc set 9
OMP: Info #250: KMP_AFFINITY: pid 45516 tid 45529 thread 13 bound to OS proc set 7
OMP: Info #250: KMP_AFFINITY: pid 45516 tid 45531 thread 15 bound to OS proc set 11
OMP: Info #212: KMP_AFFINITY: decoding x2APIC ids.
OMP: Info #210: KMP_AFFINITY: Affinity capable, using global cpuid leaf 11 info
OMP: Info #154: KMP_AFFINITY: Initial OS proc set respected: 1,3-5,7,9-12,22,24,26,28,30,32,34
OMP: Info #156: KMP_AFFINITY: 16 available OS procs
OMP: Info #158: KMP_AFFINITY: Nonuniform topology
OMP: Info #179: KMP_AFFINITY: 2 packages x 10 cores/pkg x 1 threads/core (16 total cores)
OMP: Info #214: KMP_AFFINITY: OS proc to physical thread map:
OMP: Info #171: KMP_AFFINITY: OS proc 4 maps to package 0 core 2 
OMP: Info #171: KMP_AFFINITY: OS proc 10 maps to package 0 core 8 
OMP: Info #171: KMP_AFFINITY: OS proc 12 maps to package 0 core 9 
OMP: Info #171: KMP_AFFINITY: OS proc 22 maps to package 0 core 18 
OMP: Info #171: KMP_AFFINITY: OS proc 24 maps to package 0 core 19 
OMP: Info #171: KMP_AFFINITY: OS proc 26 maps to package 0 core 20 
OMP: Info #171: KMP_AFFINITY: OS proc 28 maps to package 0 core 24 
OMP: Info #171: KMP_AFFINITY: OS proc 30 maps to package 0 core 25 
OMP: Info #171: KMP_AFFINITY: OS proc 32 maps to package 0 core 26 
OMP: Info #171: KMP_AFFINITY: OS proc 34 maps to package 0 core 27 
OMP: Info #171: KMP_AFFINITY: OS proc 1 maps to package 1 core 0 
OMP: Info #171: KMP_AFFINITY: OS proc 3 maps to package 1 core 1 
OMP: Info #171: KMP_AFFINITY: OS proc 5 maps to package 1 core 2 
OMP: Info #171: KMP_AFFINITY: OS proc 7 maps to package 1 core 3 
OMP: Info #171: KMP_AFFINITY: OS proc 9 maps to package 1 core 4 
OMP: Info #171: KMP_AFFINITY: OS proc 11 maps to package 1 core 8 
OMP: Info #250: KMP_AFFINITY: pid 45532 tid 45532 thread 0 bound to OS proc set 4
OMP: Info #250: KMP_AFFINITY: pid 45532 tid 45534 thread 2 bound to OS proc set 12
OMP: Info #250: KMP_AFFINITY: pid 45532 tid 45533 thread 1 bound to OS proc set 10
OMP: Info #250: KMP_AFFINITY: pid 45532 tid 45535 thread 3 bound to OS proc set 22
OMP: Info #250: KMP_AFFINITY: pid 45532 tid 45536 thread 4 bound to OS proc set 24
OMP: Info #250: KMP_AFFINITY: pid 45532 tid 45537 thread 5 bound to OS proc set 26
OMP: Info #250: KMP_AFFINITY: pid 45532 tid 45538 thread 6 bound to OS proc set 28
OMP: Info #250: KMP_AFFINITY: pid 45532 tid 45540 thread 8 bound to OS proc set 32
OMP: Info #250: KMP_AFFINITY: pid 45532 tid 45539 thread 7 bound to OS proc set 30
OMP: Info #250: KMP_AFFINITY: pid 45532 tid 45542 thread 10 bound to OS proc set 1
OMP: Info #250: KMP_AFFINITY: pid 45532 tid 45541 thread 9 bound to OS proc set 34
OMP: Info #250: KMP_AFFINITY: pid 45532 tid 45543 thread 11 bound to OS proc set 3
OMP: Info #250: KMP_AFFINITY: pid 45532 tid 45545 thread 13 bound to OS proc set 7
OMP: Info #250: KMP_AFFINITY: pid 45532 tid 45544 thread 12 bound to OS proc set 5
OMP: Info #250: KMP_AFFINITY: pid 45532 tid 45547 thread 15 bound to OS proc set 11
OMP: Info #250: KMP_AFFINITY: pid 45532 tid 45546 thread 14 bound to OS proc set 9



OMP: Info #212: KMP_AFFINITY: decoding x2APIC ids.
OMP: Info #210: KMP_AFFINITY: Affinity capable, using global cpuid leaf 11 info
OMP: Info #154: KMP_AFFINITY: Initial OS proc set respected: 1,3-5,7,9-12,22,24,26,28,30,32,34
OMP: Info #156: KMP_AFFINITY: 16 available OS procs
OMP: Info #158: KMP_AFFINITY: Nonuniform topology
OMP: Info #179: KMP_AFFINITY: 2 packages x 10 cores/pkg x 1 threads/core (16 total cores)
OMP: Info #214: KMP_AFFINITY: OS proc to physical thread map:
OMP: Info #171: KMP_AFFINITY: OS proc 4 maps to package 0 core 2 
OMP: Info #171: KMP_AFFINITY: OS proc 10 maps to package 0 core 8 
OMP: Info #171: KMP_AFFINITY: OS proc 12 maps to package 0 core 9 
OMP: Info #171: KMP_AFFINITY: OS proc 22 maps to package 0 core 18 
OMP: Info #171: KMP_AFFINITY: OS proc 24 maps to package 0 core 19 
OMP: Info #171: KMP_AFFINITY: OS proc 26 maps to package 0 core 20 
OMP: Info #171: KMP_AFFINITY: OS proc 28 maps to package 0 core 24 
OMP: Info #171: KMP_AFFINITY: OS proc 30 maps to package 0 core 25 
OMP: Info #171: KMP_AFFINITY: OS proc 32 maps to package 0 core 26 
OMP: Info #171: KMP_AFFINITY: OS proc 34 maps to package 0 core 27 
OMP: Info #171: KMP_AFFINITY: OS proc 1 maps to package 1 core 0 
OMP: Info #171: KMP_AFFINITY: OS proc 3 maps to package 1 core 1 
OMP: Info #171: KMP_AFFINITY: OS proc 5 maps to package 1 core 2 
OMP: Info #171: KMP_AFFINITY: OS proc 7 maps to package 1 core 3 
OMP: Info #171: KMP_AFFINITY: OS proc 9 maps to package 1 core 4 
OMP: Info #171: KMP_AFFINITY: OS proc 11 maps to package 1 core 8 
OMP: Info #250: KMP_AFFINITY: pid 45548 tid 45548 thread 0 bound to OS proc set 4
OMP: Info #250: KMP_AFFINITY: pid 45548 tid 45549 thread 1 bound to OS proc set 1
OMP: Info #250: KMP_AFFINITY: pid 45548 tid 45550 thread 2 bound to OS proc set 10
OMP: Info #250: KMP_AFFINITY: pid 45548 tid 45551 thread 3 bound to OS proc set 3
OMP: Info #250: KMP_AFFINITY: pid 45548 tid 45552 thread 4 bound to OS proc set 12
OMP: Info #250: KMP_AFFINITY: pid 45548 tid 45553 thread 5 bound to OS proc set 5
OMP: Info #250: KMP_AFFINITY: pid 45548 tid 45554 thread 6 bound to OS proc set 22
OMP: Info #250: KMP_AFFINITY: pid 45548 tid 45555 thread 7 bound to OS proc set 7
OMP: Info #250: KMP_AFFINITY: pid 45548 tid 45557 thread 9 bound to OS proc set 9
OMP: Info #250: KMP_AFFINITY: pid 45548 tid 45556 thread 8 bound to OS proc set 24
OMP: Info #250: KMP_AFFINITY: pid 45548 tid 45558 thread 10 bound to OS proc set 26
OMP: Info #250: KMP_AFFINITY: pid 45548 tid 45559 thread 11 bound to OS proc set 11
OMP: Info #250: KMP_AFFINITY: pid 45548 tid 45560 thread 12 bound to OS proc set 28
OMP: Info #250: KMP_AFFINITY: pid 45548 tid 45562 thread 14 bound to OS proc set 32
OMP: Info #250: KMP_AFFINITY: pid 45548 tid 45563 thread 15 bound to OS proc set 34
OMP: Info #250: KMP_AFFINITY: pid 45548 tid 45561 thread 13 bound to OS proc set 30
OMP: Info #212: KMP_AFFINITY: decoding x2APIC ids.
OMP: Info #210: KMP_AFFINITY: Affinity capable, using global cpuid leaf 11 info
OMP: Info #154: KMP_AFFINITY: Initial OS proc set respected: 1,3-5,7,9-12,22,24,26,28,30,32,34
OMP: Info #156: KMP_AFFINITY: 16 available OS procs
OMP: Info #158: KMP_AFFINITY: Nonuniform topology
OMP: Info #179: KMP_AFFINITY: 2 packages x 10 cores/pkg x 1 threads/core (16 total cores)
OMP: Info #214: KMP_AFFINITY: OS proc to physical thread map:
OMP: Info #171: KMP_AFFINITY: OS proc 4 maps to package 0 core 2 
OMP: Info #171: KMP_AFFINITY: OS proc 10 maps to package 0 core 8 
OMP: Info #171: KMP_AFFINITY: OS proc 12 maps to package 0 core 9 
OMP: Info #171: KMP_AFFINITY: OS proc 22 maps to package 0 core 18 
OMP: Info #171: KMP_AFFINITY: OS proc 24 maps to package 0 core 19 
OMP: Info #171: KMP_AFFINITY: OS proc 26 maps to package 0 core 20 
OMP: Info #171: KMP_AFFINITY: OS proc 28 maps to package 0 core 24 
OMP: Info #171: KMP_AFFINITY: OS proc 30 maps to package 0 core 25 
OMP: Info #171: KMP_AFFINITY: OS proc 32 maps to package 0 core 26 
OMP: Info #171: KMP_AFFINITY: OS proc 34 maps to package 0 core 27 
OMP: Info #171: KMP_AFFINITY: OS proc 1 maps to package 1 core 0 
OMP: Info #171: KMP_AFFINITY: OS proc 3 maps to package 1 core 1 
OMP: Info #171: KMP_AFFINITY: OS proc 5 maps to package 1 core 2 
OMP: Info #171: KMP_AFFINITY: OS proc 7 maps to package 1 core 3 
OMP: Info #171: KMP_AFFINITY: OS proc 9 maps to package 1 core 4 
OMP: Info #171: KMP_AFFINITY: OS proc 11 maps to package 1 core 8 
OMP: Info #250: KMP_AFFINITY: pid 45568 tid 45568 thread 0 bound to OS proc set 4
OMP: Info #250: KMP_AFFINITY: pid 45568 tid 45569 thread 1 bound to OS proc set 1
OMP: Info #250: KMP_AFFINITY: pid 45568 tid 45571 thread 3 bound to OS proc set 3
OMP: Info #250: KMP_AFFINITY: pid 45568 tid 45570 thread 2 bound to OS proc set 10
OMP: Info #250: KMP_AFFINITY: pid 45568 tid 45573 thread 5 bound to OS proc set 5
OMP: Info #250: KMP_AFFINITY: pid 45568 tid 45572 thread 4 bound to OS proc set 12
OMP: Info #250: KMP_AFFINITY: pid 45568 tid 45574 thread 6 bound to OS proc set 22
OMP: Info #250: KMP_AFFINITY: pid 45568 tid 45576 thread 8 bound to OS proc set 24
OMP: Info #250: KMP_AFFINITY: pid 45568 tid 45577 thread 9 bound to OS proc set 9
OMP: Info #250: KMP_AFFINITY: pid 45568 tid 45575 thread 7 bound to OS proc set 7
OMP: Info #250: KMP_AFFINITY: pid 45568 tid 45579 thread 11 bound to OS proc set 11
OMP: Info #250: KMP_AFFINITY: pid 45568 tid 45578 thread 10 bound to OS proc set 26
OMP: Info #250: KMP_AFFINITY: pid 45568 tid 45581 thread 13 bound to OS proc set 30
OMP: Info #250: KMP_AFFINITY: pid 45568 tid 45582 thread 14 bound to OS proc set 32
OMP: Info #250: KMP_AFFINITY: pid 45568 tid 45583 thread 15 bound to OS proc set 34
OMP: Info #250: KMP_AFFINITY: pid 45568 tid 45580 thread 12 bound to OS proc set 28
OMP: Info #212: KMP_AFFINITY: decoding x2APIC ids.
OMP: Info #210: KMP_AFFINITY: Affinity capable, using global cpuid leaf 11 info
OMP: Info #154: KMP_AFFINITY: Initial OS proc set respected: 1,3-5,7,9-12,22,24,26,28,30,32,34
OMP: Info #156: KMP_AFFINITY: 16 available OS procs
OMP: Info #158: KMP_AFFINITY: Nonuniform topology
OMP: Info #179: KMP_AFFINITY: 2 packages x 10 cores/pkg x 1 threads/core (16 total cores)
OMP: Info #214: KMP_AFFINITY: OS proc to physical thread map:
OMP: Info #171: KMP_AFFINITY: OS proc 4 maps to package 0 core 2 
OMP: Info #171: KMP_AFFINITY: OS proc 10 maps to package 0 core 8 
OMP: Info #171: KMP_AFFINITY: OS proc 12 maps to package 0 core 9 
OMP: Info #171: KMP_AFFINITY: OS proc 22 maps to package 0 core 18 
OMP: Info #171: KMP_AFFINITY: OS proc 24 maps to package 0 core 19 
OMP: Info #171: KMP_AFFINITY: OS proc 26 maps to package 0 core 20 
OMP: Info #171: KMP_AFFINITY: OS proc 28 maps to package 0 core 24 
OMP: Info #171: KMP_AFFINITY: OS proc 30 maps to package 0 core 25 
OMP: Info #171: KMP_AFFINITY: OS proc 32 maps to package 0 core 26 
OMP: Info #171: KMP_AFFINITY: OS proc 34 maps to package 0 core 27 
OMP: Info #171: KMP_AFFINITY: OS proc 1 maps to package 1 core 0 
OMP: Info #171: KMP_AFFINITY: OS proc 3 maps to package 1 core 1 
OMP: Info #171: KMP_AFFINITY: OS proc 5 maps to package 1 core 2 
OMP: Info #171: KMP_AFFINITY: OS proc 7 maps to package 1 core 3 
OMP: Info #171: KMP_AFFINITY: OS proc 9 maps to package 1 core 4 
OMP: Info #171: KMP_AFFINITY: OS proc 11 maps to package 1 core 8 
OMP: Info #250: KMP_AFFINITY: pid 45587 tid 45587 thread 0 bound to OS proc set 4
OMP: Info #250: KMP_AFFINITY: pid 45587 tid 45588 thread 1 bound to OS proc set 1
OMP: Info #250: KMP_AFFINITY: pid 45587 tid 45589 thread 2 bound to OS proc set 10
OMP: Info #250: KMP_AFFINITY: pid 45587 tid 45591 thread 4 bound to OS proc set 12
OMP: Info #250: KMP_AFFINITY: pid 45587 tid 45590 thread 3 bound to OS proc set 3
OMP: Info #250: KMP_AFFINITY: pid 45587 tid 45592 thread 5 bound to OS proc set 5
OMP: Info #250: KMP_AFFINITY: pid 45587 tid 45593 thread 6 bound to OS proc set 22
OMP: Info #250: KMP_AFFINITY: pid 45587 tid 45594 thread 7 bound to OS proc set 7
OMP: Info #250: KMP_AFFINITY: pid 45587 tid 45595 thread 8 bound to OS proc set 24
OMP: Info #250: KMP_AFFINITY: pid 45587 tid 45598 thread 11 bound to OS proc set 11
OMP: Info #250: KMP_AFFINITY: pid 45587 tid 45596 thread 9 bound to OS proc set 9
OMP: Info #250: KMP_AFFINITY: pid 45587 tid 45599 thread 12 bound to OS proc set 28
OMP: Info #250: KMP_AFFINITY: pid 45587 tid 45597 thread 10 bound to OS proc set 26
OMP: Info #250: KMP_AFFINITY: pid 45587 tid 45600 thread 13 bound to OS proc set 30
OMP: Info #250: KMP_AFFINITY: pid 45587 tid 45601 thread 14 bound to OS proc set 32
OMP: Info #250: KMP_AFFINITY: pid 45587 tid 45602 thread 15 bound to OS proc set 34
