Loading openmpi module ...
Loading GCC module ...
PART D  with 2 nodes
Setting stack size to unlimited...
core file size          (blocks, -c) 0
data seg size           (kbytes, -d) unlimited
scheduling priority             (-e) 0
file size               (blocks, -f) unlimited
pending signals                 (-i) 2062696
max locked memory       (kbytes, -l) unlimited
max memory size         (kbytes, -m) 32768000
open files                      (-n) 1024
pipe size            (512 bytes, -p) 8
POSIX message queues     (bytes, -q) 819200
real-time priority              (-r) 0
stack size              (kbytes, -s) unlimited
cpu time               (seconds, -t) unlimited
max user processes              (-u) 4096
virtual memory          (kbytes, -v) unlimited
file locks                      (-x) unlimited

Architecture:          x86_64
CPU op-mode(s):        32-bit, 64-bit
Byte Order:            Little Endian
CPU(s):                36
On-line CPU(s) list:   0-35
Thread(s) per core:    1
Core(s) per socket:    18
Socket(s):             2
NUMA node(s):          2
Vendor ID:             GenuineIntel
CPU family:            6
Model:                 79
Model name:            Intel(R) Xeon(R) CPU E5-2695 v4 @ 2.10GHz
Stepping:              1
CPU MHz:               1419.550
CPU max MHz:           3300.0000
CPU min MHz:           1200.0000
BogoMIPS:              4200.26
Virtualization:        VT-x
L1d cache:             32K
L1i cache:             32K
L2 cache:              256K
L3 cache:              46080K
NUMA node0 CPU(s):     0,2,4,6,8,10,12,14,16,18,20,22,24,26,28,30,32,34
NUMA node1 CPU(s):     1,3,5,7,9,11,13,15,17,19,21,23,25,27,29,31,33,35
Flags:                 fpu vme de pse tsc msr pae mce cx8 apic sep mtrr pge mca cmov pat pse36 clflush dts acpi mmx fxsr sse sse2 ss ht tm pbe syscall nx pdpe1gb rdtscp lm constant_tsc arch_perfmon pebs bts rep_good nopl xtopology nonstop_tsc aperfmperf eagerfpu pni pclmulqdq dtes64 monitor ds_cpl vmx smx est tm2 ssse3 fma cx16 xtpr pdcm pcid dca sse4_1 sse4_2 x2apic movbe popcnt tsc_deadline_timer aes xsave avx f16c rdrand lahf_lm abm 3dnowprefetch epb cat_l3 cdp_l3 invpcid_single intel_pt spec_ctrl ibpb_support tpr_shadow vnmi flexpriority ept vpid fsgsbase tsc_adjust bmi1 hle avx2 smep bmi2 erms invpcid rtm cqm rdt_a rdseed adx smap xsaveopt cqm_llc cqm_occup_llc cqm_mbm_total cqm_mbm_local dtherm ida arat pln pts
With OPENMP
2 MPI and 16 Threads 2X1
Grid Size       : 1024
Duration of Sim : 100
Time step dt    : 0.00431553
Process geometry: 2 x 1

Number of Iterations        : 23173
Elapsed Time (sec)          : 18.0384
Sustained Gflops Rate       : 37.7175
Sustained Bandwidth (GB/sec): 43.1057

Max: 0.979365 L2norm: 0.498186
2 MPI and 16 Threads 1X2
Grid Size       : 1024
Duration of Sim : 100
Time step dt    : 0.00431553
Process geometry: 1 x 2

Number of Iterations        : 23173
Elapsed Time (sec)          : 17.8839
Sustained Gflops Rate       : 38.0433
Sustained Bandwidth (GB/sec): 43.4781

Max: 0.979365 L2norm: 0.498186
4 MPI  and 8 Threads 4X1
Grid Size       : 1024
Duration of Sim : 100
Time step dt    : 0.00431553
Process geometry: 4 x 1

Number of Iterations        : 23173
Elapsed Time (sec)          : 85.2912
Sustained Gflops Rate       : 7.97693
Sustained Bandwidth (GB/sec): 9.11649

Max: 0.979365 L2norm: 0.498186
4 MPI  and 8 Threads 1X4
Grid Size       : 1024
Duration of Sim : 100
Time step dt    : 0.00431553
Process geometry: 1 x 4

Number of Iterations        : 23173
Elapsed Time (sec)          : 84.6153
Sustained Gflops Rate       : 8.04066
Sustained Bandwidth (GB/sec): 9.18932

Max: 0.979365 L2norm: 0.498186
8 MPI and 4 Threads 8X1
Grid Size       : 1024
Duration of Sim : 100
Time step dt    : 0.00431553
Process geometry: 8 x 1

Number of Iterations        : 23173
Elapsed Time (sec)          : 31.4257
Sustained Gflops Rate       : 21.6499
Sustained Bandwidth (GB/sec): 24.7427

Max: 0.979365 L2norm: 0.498186
8 MPI and 4 Threads 1X8
Grid Size       : 1024
Duration of Sim : 100
Time step dt    : 0.00431553
Process geometry: 1 x 8

Number of Iterations        : 23173
Elapsed Time (sec)          : 31.0658
Sustained Gflops Rate       : 21.9007
Sustained Bandwidth (GB/sec): 25.0293

Max: 0.979365 L2norm: 0.498186
16 MPI and 2 Threads 16X1
Grid Size       : 1024
Duration of Sim : 100
Time step dt    : 0.00431553
Process geometry: 16 x 1

Number of Iterations        : 23173
Elapsed Time (sec)          : 22.0595
Sustained Gflops Rate       : 30.8421
Sustained Bandwidth (GB/sec): 35.2481

Max: 0.979365 L2norm: 0.498186
16 MPI and 2 Threads 1X16
Grid Size       : 1024
Duration of Sim : 100
Time step dt    : 0.00431553
Process geometry: 1 x 16

Number of Iterations        : 23173
Elapsed Time (sec)          : 20.4009
Sustained Gflops Rate       : 33.3495
Sustained Bandwidth (GB/sec): 38.1138

Max: 0.979365 L2norm: 0.498186
Finished with execution!
